  
             ********************************************************
             *                                                      *
             *              Fortran 90 Interface Module             *
             *                                                      *
             *                         For                          *
             *                                                      *
             *              MPI Message Passing Library             *
             *                                                      *
             *                   Version No. 2.0k                   *
             *                                                      *
             ********************************************************
  
 CHARACTER_BYTES =            1
 INTEGER_BYTES   =            4
 REAL_BYTES      =            8
 COMPLEX_BYTES   =           16
 ADDRESS_BYTES   =            8
  
 Number of Procs =           16
  
Execution starts at 17:05:35, 10-09-2019 on    16 nodes
#-------------------------------------------------------------------------------
#
#
#           ********************************************************
#           *                                                      *
#           *    Full-Potential Multiple Scattering Theory Based   *
#           *                                                      *
#           *  Ab Initio Electronic Structure Calculation Package  *
#           *                                                      *
#           ********************************************************
#
#
#   username                 : ywg
#   system name              : muir6.psc.edu
#   code compiled            : Wednesday, October 09 2019 15:24:17
#   Source code version      : Develop
#-------------------------------------------------------------------------------

 The Position Data File: ./position.dat

 The Position Data is read successfully!


================================================================================

 The lattice system is: Hexagonal   

================================================================================

            *********************************************
            *     Output from createParallelization     *
            *            in ProcMappingModule           *
            *********************************************

The number of processors in each box :    2
The number of repeats along k-dimen. :    1
The number of repeats along e-dimen. :    8
Dimension of the box :    1 x    1 x    2
MyPE =     0, NumEs, NumEsPerBox =    30    9
MyPE =     0, E index =     1    9   17   25   26   27   28   29   30
Energy point index =     1    2    3    4    5    6    7    8    9   10   11   12   13   14   15   16   17   18   19   20, ...
Process in E-group =     0    1    2    3    4    5    6    7    0    1    2    3    4    5    6    7    0    1    2    3, ...
MyPE =     0, NumKs, NumKsPerBox =     1    1
MyPE =     0, K index =     1
IBZ K point index  =     1
Process in K-group =     1
MyPE =     4, NumEs, NumEsPerBox =    30    9
MyPE =     4, E index =     3   11   19   25   26   27   28   29   30
MyPE =     4, NumKs, NumKsPerBox =     1    1
MyPE =     6, NumEs, NumEsPerBox =    30    9
MyPE =     6, E index =     4   12   20   25   26   27   28   29   30
MyPE =     6, NumKs, NumKsPerBox =     1    1
MyPE =     6, K index =     1
MyPE =     1, NumEs, NumEsPerBox =    30    9
MyPE =     1, E index =     1    9   17   25   26   27   28   29   30
MyPE =     1, NumKs, NumKsPerBox =     1    1
MyPE =     1, K index =     1
MyPE =     3, NumEs, NumEsPerBox =    30    9
MyPE =     3, E index =     2   10   18   25   26   27   28   29   30
MyPE =     3, NumKs, NumKsPerBox =     1    1
MyPE =     3, K index =     1
MyPE =     4, K index =     1
MyPE =     5, NumEs, NumEsPerBox =    30    9
MyPE =     5, E index =     3   11   19   25   26   27   28   29   30
MyPE =     5, NumKs, NumKsPerBox =     1    1
MyPE =     5, K index =     1
MyPE =     2, NumEs, NumEsPerBox =    30    9
MyPE =     2, E index =     2   10   18   25   26   27   28   29   30
MyPE =     7, NumEs, NumEsPerBox =    30    9
MyPE =     2, NumKs, NumKsPerBox =     1    1
MyPE =     2, K index =     1
MyPE =     7, E index =     4   12   20   25   26   27   28   29   30
MyPE =     7, NumKs, NumKsPerBox =     1    1
MyPE =     7, K index =     1

================================================================================

The number of processes that write output data:      1
