  
             ********************************************************
             *                                                      *
             *              Fortran 90 Interface Module             *
             *                                                      *
             *                         For                          *
             *                                                      *
             *              MPI Message Passing Library             *
             *                                                      *
             *                   Version No. 2.0k                   *
             *                                                      *
             ********************************************************
  
 CHARACTER_BYTES =            1
 INTEGER_BYTES   =            4
 REAL_BYTES      =            8
 COMPLEX_BYTES   =           16
 ADDRESS_BYTES   =            8
  
 Number of Procs =           16
  
Execution starts at 08:35:53, 01-30-2020 on    16 nodes
#-------------------------------------------------------------------------------
#
#
#           ********************************************************
#           *                                                      *
#           *    Full-Potential Multiple Scattering Theory Based   *
#           *                                                      *
#           *  Ab Initio Electronic Structure Calculation Package  *
#           *                                                      *
#           ********************************************************
#
#
#   username                 : ywg
#   system name              : bolt.psc.edu
#   code compiled            : Wednesday, January 29 2020 11:49:20
#   MuST source code version : Develop
#-------------------------------------------------------------------------------

 The Position Data File: ./position.dat

 The Position Data is read successfully!


================================================================================

 The lattice system is: Cubic       

********************************
* Output from SPACEGRP         *
********************************

The point group of the crystal is the full cubic        group
Space group is symmorphic
--------------------------------------------------------------------------------

********************************
* Output from CHECKSYMM        *
********************************

Symmetry is correct
--------------------------------------------------------------------------------

********************************
* Output from SPACEGRP         *
********************************

The point group of the crystal is the full cubic        group
Space group is symmorphic
--------------------------------------------------------------------------------

********************************
* Output from SPKPT            *
********************************

Wavevector mesh contains    6912 points
--------------------------------------------------------------------------------

================================================================================

            *********************************************
            *     Output from createParallelization     *
            *            in ProcMappingModule           *
            *********************************************

The number of processors in each box :    1
The number of repeats along k-dimen. :    4
The number of repeats along e-dimen. :    4
Dimension of the box :    1 x    1 x    1
MyPE =     0, NumEs, NumEsPerBox =    30    9
MyPE =     0, E index =     1    5    9   13   17   21   25   29   30
Energy point index =     1    2    3    4    5    6    7    8    9   10   11   12   13   14   15   16   17   18   19   20, ...
Process in E-group =     0    1    2    3    0    1    2    3    0    1    2    3    0    1    2    3    0    1    2    3, ...
MyPE =     0, NumKs, NumKsPerBox =   182   47
MyPE =     0, K index =     1    2    3    4    5    6    7    8    9   10   11   12   13   14   15   16, ...,...
IBZ K point index  =     1    2    3    4    5    6    7    8    9   10   11   12   13   14   15   16   17   18   19   20, ...,...
Process in K-group =     0    0    0    0    0    0    0    0    0    0    0    0    0    0    0    0    0    0    0    0, ...,...
MyPE =     1, NumEs, NumEsPerBox =    30    9
MyPE =     1, E index =     2    6   10   14   18   22   26   29   30
MyPE =     1, NumKs, NumKsPerBox =   182   47
MyPE =     1, K index =     1    2    3    4    5    6    7    8    9   10   11   12   13   14   15   16, ...,...
MyPE =     2, NumEs, NumEsPerBox =    30    9
MyPE =     2, E index =     3    7   11   15   19   23   27   29   30
MyPE =     2, NumKs, NumKsPerBox =   182   47
MyPE =     2, K index =     1    2    3    4    5    6    7    8    9   10   11   12   13   14   15   16, ...,...
MyPE =     3, NumEs, NumEsPerBox =    30    9
MyPE =     3, E index =     4    8   12   16   20   24   28   29   30
MyPE =     3, NumKs, NumKsPerBox =   182   47
MyPE =     3, K index =     1    2    3    4    5    6    7    8    9   10   11   12   13   14   15   16, ...,...
MyPE =     4, NumEs, NumEsPerBox =    30    9
MyPE =     4, E index =     1    5    9   13   17   21   25   29   30
MyPE =     4, NumKs, NumKsPerBox =   182   47
MyPE =     4, K index =    46   47   48   49   50   51   52   53   54   55   56   57   58   59   60   61, ...,...
MyPE =     5, NumEs, NumEsPerBox =    30    9
MyPE =     5, E index =     2    6   10   14   18   22   26   29   30
MyPE =     5, NumKs, NumKsPerBox =   182   47
MyPE =     5, K index =    46   47   48   49   50   51   52   53   54   55   56   57   58   59   60   61, ...,...
MyPE =     6, NumEs, NumEsPerBox =    30    9
MyPE =     6, E index =     3    7   11   15   19   23   27   29   30
MyPE =     6, NumKs, NumKsPerBox =   182   47
MyPE =     6, K index =    46   47   48   49   50   51   52   53   54   55   56   57   58   59   60   61, ...,...
MyPE =     7, NumEs, NumEsPerBox =    30    9
MyPE =     7, E index =     4    8   12   16   20   24   28   29   30
MyPE =     7, NumKs, NumKsPerBox =   182   47
MyPE =     7, K index =    46   47   48   49   50   51   52   53   54   55   56   57   58   59   60   61, ...,...

================================================================================

The number of processes that write output data:      1
 Running on            1 threads

 !!!!!!!!!!!!!!!!!!!!!!!!!!!!!!!!!!!!!!!!!!!!!!!!!!!!!!!!!!!!!!!!!!!!!!!!!!!!!!
 !                                                                            !
 ! WARNING: negative qint                                                     !
 ! VALUE: -0.3777063759404D+01                                                !
 ! AT: updateFermiEnergy
 !                                                                            !
 !!!!!!!!!!!!!!!!!!!!!!!!!!!!!!!!!!!!!!!!!!!!!!!!!!!!!!!!!!!!!!!!!!!!!!!!!!!!!!


 !!!!!!!!!!!!!!!!!!!!!!!!!!!!!!!!!!!!!!!!!!!!!!!!!!!!!!!!!!!!!!!!!!!!!!!!!!!!!!
 !                                                                            !
 ! WARNING: negative qint                                                     !
 ! VALUE: -0.3934246096984D+02                                                !
 ! AT: updateFermiEnergy
 !                                                                            !
 !!!!!!!!!!!!!!!!!!!!!!!!!!!!!!!!!!!!!!!!!!!!!!!!!!!!!!!!!!!!!!!!!!!!!!!!!!!!!!



 !!!!!!!!!!!!!!!!!!!!!!!!!!!!!!!!!!!!!!!!!!!!!!!!!!!!!!!!!!!!!!!!!!!!!!!!!!!!!!
 !                                                                            !
 ! WARNING: negative qint                                                     !
 ! VALUE: -0.3777063759404D+01                                                !
 ! AT: updateFermiEnergy
 !                                                                            !
 !!!!!!!!!!!!!!!!!!!!!!!!!!!!!!!!!!!!!!!!!!!!!!!!!!!!!!!!!!!!!!!!!!!!!!!!!!!!!!

 !!!!!!!!!!!!!!!!!!!!!!!!!!!!!!!!!!!!!!!!!!!!!!!!!!!!!!!!!!!!!!!!!!!!!!!!!!!!!!
 !                                                                            !
 ! WARNING: negative qint                                                     !
 ! VALUE: -0.3777063759404D+01                                                !
 ! AT: updateFermiEnergy
 !                                                                            !
 !!!!!!!!!!!!!!!!!!!!!!!!!!!!!!!!!!!!!!!!!!!!!!!!!!!!!!!!!!!!!!!!!!!!!!!!!!!!!!

ERROR: rho0(ir) < 0
VALUE:     -0.5414900D-02
STOP AT constructChargeDensity
ERROR: rho0(ir) < 0
VALUE:     -0.1651804D-02
STOP AT constructChargeDensity
ERROR: rho0(ir) < 0
VALUE:     -0.1651804D-02
STOP AT constructChargeDensity
ERROR: rho0(ir) < 0
VALUE:     -0.1651804D-02
STOP AT constructChargeDensity

 !!!!!!!!!!!!!!!!!!!!!!!!!!!!!!!!!!!!!!!!!!!!!!!!!!!!!!!!!!!!!!!!!!!!!!!!!!!!!!
 !                                                                            !
 ! WARNING: negative qint                                                     !
 ! VALUE: -0.3777063759404D+01                                                !
 ! AT: updateFermiEnergy
 !                                                                            !
 !!!!!!!!!!!!!!!!!!!!!!!!!!!!!!!!!!!!!!!!!!!!!!!!!!!!!!!!!!!!!!!!!!!!!!!!!!!!!!


===================================================================================
=   BAD TERMINATION OF ONE OF YOUR APPLICATION PROCESSES
=   RANK 0 PID 35964 RUNNING AT bolt.psc.edu
=   KILLED BY SIGNAL: 9 (Killed)
===================================================================================

===================================================================================
=   BAD TERMINATION OF ONE OF YOUR APPLICATION PROCESSES
=   RANK 1 PID 35965 RUNNING AT bolt.psc.edu
=   KILLED BY SIGNAL: 9 (Killed)
===================================================================================

===================================================================================
=   BAD TERMINATION OF ONE OF YOUR APPLICATION PROCESSES
=   RANK 2 PID 35966 RUNNING AT bolt.psc.edu
=   KILLED BY SIGNAL: 9 (Killed)
===================================================================================

===================================================================================
=   BAD TERMINATION OF ONE OF YOUR APPLICATION PROCESSES
=   RANK 4 PID 35968 RUNNING AT bolt.psc.edu
=   KILLED BY SIGNAL: 9 (Killed)
===================================================================================

===================================================================================
=   BAD TERMINATION OF ONE OF YOUR APPLICATION PROCESSES
=   RANK 5 PID 35969 RUNNING AT bolt.psc.edu
=   KILLED BY SIGNAL: 9 (Killed)
===================================================================================

===================================================================================
=   BAD TERMINATION OF ONE OF YOUR APPLICATION PROCESSES
=   RANK 6 PID 35970 RUNNING AT bolt.psc.edu
=   KILLED BY SIGNAL: 9 (Killed)
===================================================================================

===================================================================================
=   BAD TERMINATION OF ONE OF YOUR APPLICATION PROCESSES
=   RANK 8 PID 35972 RUNNING AT bolt.psc.edu
=   KILLED BY SIGNAL: 9 (Killed)
===================================================================================

===================================================================================
=   BAD TERMINATION OF ONE OF YOUR APPLICATION PROCESSES
=   RANK 9 PID 35973 RUNNING AT bolt.psc.edu
=   KILLED BY SIGNAL: 9 (Killed)
===================================================================================

===================================================================================
=   BAD TERMINATION OF ONE OF YOUR APPLICATION PROCESSES
=   RANK 10 PID 35974 RUNNING AT bolt.psc.edu
=   KILLED BY SIGNAL: 9 (Killed)
===================================================================================

===================================================================================
=   BAD TERMINATION OF ONE OF YOUR APPLICATION PROCESSES
=   RANK 12 PID 35976 RUNNING AT bolt.psc.edu
=   KILLED BY SIGNAL: 9 (Killed)
===================================================================================

===================================================================================
=   BAD TERMINATION OF ONE OF YOUR APPLICATION PROCESSES
=   RANK 13 PID 35977 RUNNING AT bolt.psc.edu
=   KILLED BY SIGNAL: 9 (Killed)
===================================================================================

===================================================================================
=   BAD TERMINATION OF ONE OF YOUR APPLICATION PROCESSES
=   RANK 14 PID 35978 RUNNING AT bolt.psc.edu
=   KILLED BY SIGNAL: 9 (Killed)
===================================================================================
