  
             ********************************************************
             *                                                      *
             *              Fortran 90 Interface Module             *
             *                                                      *
             *                         For                          *
             *                                                      *
             *              MPI Message Passing Library             *
             *                                                      *
             *                   Version No. 2.0k                   *
             *                                                      *
             ********************************************************
  
 CHARACTER_BYTES =            1
 INTEGER_BYTES   =            4
 REAL_BYTES      =            8
 COMPLEX_BYTES   =           16
 ADDRESS_BYTES   =            8
  
 Number of Procs =           16
  
Execution starts at 20:30:20, 09-15-2020 on    16 nodes
#-------------------------------------------------------------------------------
#
#
#           ********************************************************
#           *                                                      *
#           *    Full-Potential Multiple Scattering Theory Based   *
#           *                                                      *
#           *  Ab Initio Electronic Structure Calculation Package  *
#           *                                                      *
#           ********************************************************
#
#
#   username                 : ywg
#   system name              : bolt.psc.edu
#   code compiled            : Sunday, September 13 2020 12:57:26
#   MuST source code version : v1.3.4
#-------------------------------------------------------------------------------

 The Position Data File: ./position.dat

 The Position Data is read successfully!


================================================================================

 The lattice system is: Cubic       

********************************
* Output from SPACEGRP         *
********************************

The point group of the crystal is the full cubic        group
Space group is symmorphic
--------------------------------------------------------------------------------

********************************
* Output from CHECKSYMM        *
********************************

Symmetry is correct
--------------------------------------------------------------------------------

********************************
* Output from SPACEGRP         *
********************************

The point group of the crystal is the full cubic        group
Space group is symmorphic
--------------------------------------------------------------------------------

********************************
* Output from SPKPT            *
********************************

Wavevector mesh contains    6912 points
--------------------------------------------------------------------------------

================================================================================

            *********************************************
            *     Output from createParallelization     *
            *            in ProcMappingModule           *
            *********************************************

The number of processors in each box :    1
The number of repeats along k-dimen. :    4
The number of repeats along e-dimen. :    4
Dimension of the box (to be repeated to produce processor grid):    1  X    1  X    1
Dimension of processors :    4  X    4  X    1
Proc Grid Dimension:      3
Total Number of Procs:   16
Proc Grid Size in Each Dimension: (  4,  4,  1)
MyPE =     0 is at (  0,  0,  0)
MyPE =     1 is at (  0,  1,  0)
MyPE =     2 is at (  0,  2,  0)
MyPE =     4 is at (MyPE =     8 is at (  2,  0,  0)
MyPE =     9 is at (  2,  1,  0)
MyPE =    10 is at (  2,  2,  0)
MyPE =    12 is at (  3,  0,  0)
MyPE =    14 is at (  3,  2,  0)
MyPE =    15 is at (  3,  3,  0)
MyPE =     3 is at (  0,  3,  0)
MyPE =     5 is at (  1,  1,  0)
MyPE =     6 is at (  1,  2,  0)
MyPE =     7 is at (  1,  3,  0)
MyPE =    11 is at (  2,  3,  0)
MyPE =    13 is at (  3,  1,  0)
  1,  0,  0)
MyPE =     1, NumEs, NumEsPerBox =    30    9
MyPE =     1, E index =     2    6   10   14   18   22   26   29   30
MyPE =     1, NumKs, NumKsPerBox =   182   47
MyPE =     1, K index =     1    2    3    4    5    6    7    8    9   10   11   12   13   14   15   16, ...,...
MyPE =     3, NumEs, NumEsPerBox =    30    9
MyPE =     5, NumEs, NumEsPerBox =    30    9
MyPE =     5, E index =     2    6   10   14   18   22   26   29   30
MyPE =     5, NumKs, NumKsPerBox =   182   47
MyPE =     5, K index =    46   47   48   49   50   51   52   53   54   55   56   57   58   59   60   61, ...,...
MyPE =     7, NumEs, NumEsPerBox =    30    9
MyPE =     7, E index =     4    8   12   16   20   24   28   29   30
MyPE =     7, NumKs, NumKsPerBox =   182   47
MyPE =     7, K index =    46   47   48   49   50   51   52   53   54   55   56   57   58   59   60   61, ...,...
MyPE =     0, NumEs, NumEsPerBox =    30    9
MyPE =     0, E index =     1    5    9   13   17   21   25   29   30
Energy point index =     1    2    3    4    5    6    7    8    9   10   11   12   13   14   15   16   17   18   19   20, ...
Process in E-group =     0    1    2    3    0    1    2    3    0    1    2    3    0    1    2    3    0    1    2    3, ...
MyPE =     0, NumKs, NumKsPerBox =   182   47
MyPE =     0, K index =     1    2    3    4    5    6    7    8    9   10   11   12   13   14   15   16, ...,...
IBZ K point index  =     1    2    3    4    5    6    7    8    9   10   11   12   13   14   15   16   17   18   19   20, ...,...
Process in K-group =     0    0    0    0    0    0    0    0    0    0    0    0    0    0    0    0    0    0    0    0, ...,...
MyPE =     2, NumEs, NumEsPerBox =    30    9
MyPE =     2, E index =     3    7   11   15   19   23   27   29   30
MyPE =     2, NumKs, NumKsPerBox =   182   47
MyPE =     2, K index =     1    2    3    4    5    6    7    8    9   10   11   12   13   14   15   16, ...,...
MyPE =     4, NumEs, NumEsPerBox =    30    9
MyPE =     4, E index =     1    5    9   13   17   21   25   29   30
MyPE =     4, NumKs, NumKsPerBox =   182   47
MyPE =     4, K index =    46   47   48   49   50   51   52   53   54   55   56   57   58   59   60   61, ...,...
MyPE =     6, NumEs, NumEsPerBox =    30    9
MyPE =     6, E index =     3    7   11   15   19   23   27   29   30
MyPE =     6, NumKs, NumKsPerBox =   182   47
MyPE =     6, K index =    46   47   48   49   50   51   52   53   54   55   56   57   58   59   60   61, ...,...
MyPE =     3, E index =     4    8   12   16   20   24   28   29   30
MyPE =     3, NumKs, NumKsPerBox =   182   47
MyPE =     3, K index =     1    2    3    4    5    6    7    8    9   10   11   12   13   14   15   16, ...,...

================================================================================

The number of processes that write output data:      1
MyPE, MyPEinEGroup, NumPEsInEGroup =    10    2    4
MyPE, MyPEinEGroup, NumPEsInEGroup =    11    3    4
MyPE, MyPEinEGroup, NumPEsInEGroup =    12    0    4
MyPE, MyPEinEGroup, NumPEsInEGroup =    13    1    4
MyPE, MyPEinEGroup, NumPEsInEGroup =    14    2    4
MyPE, MyPEinEGroup, NumPEsInEGroup =    15    3    4
MyPE, MyPEinEGroup, NumPEsInEGroup =     1    1    4
MyPE, MyPEinEGroup, NumPEsInEGroup =     3    3    4
MyPE, MyPEinEGroup, NumPEsInEGroup =     4    0    4
MyPE, MyPEinEGroup, NumPEsInEGroup =     5    1    4
MyPE, MyPEinEGroup, NumPEsInEGroup =     6    2    4
MyPE, MyPEinEGroup, NumPEsInEGroup =     7    3    4
MyPE, MyPEinEGroup, NumPEsInEGroup =     8    0    4
MyPE, MyPEinEGroup, NumPEsInEGroup =     9    1    4
MyPE, MyPEinEGroup, NumPEsInEGroup =     2    2    4
 Running on            1 threads
forrtl: error (78): process killed (SIGTERM)
Image              PC                Routine            Line        Source             
mst2               0000000001E4B1E4  Unknown               Unknown  Unknown
libpthread-2.17.s  00007F24B7EA55D0  Unknown               Unknown  Unknown
libpthread-2.17.s  00007F24B7EA24A3  pthread_spin_lock     Unknown  Unknown
forrtl: error (78): process killed (SIGTERM)
Image              PC                Routine            Line        Source             
mst2               0000000001E4B1E4  Unknown               Unknown  Unknown
libpthread-2.17.s  00007F99909975D0  Unknown               Unknown  Unknown
libpthread-2.17.s  00007F99909944A3  pthread_spin_lock     Unknown  Unknown
forrtl: error (78): process killed (SIGTERM)
Image              PC                Routine            Line        Source             
mst2               0000000001E4B1E4  Unknown               Unknown  Unknown
libpthread-2.17.s  00007F9F8E9075D0  Unknown               Unknown  Unknown
libsockets-fi.so   00007F9EE2C29960  Unknown               Unknown  Unknown
forrtl: error (78): process killed (SIGTERM)
Image              PC                Routine            Line        Source             
mst2               0000000001E4B1E4  Unknown               Unknown  Unknown
libpthread-2.17.s  00007F41ACCF35D0  Unknown               Unknown  Unknown
libmpi.so.12.0.0   00007F41AB69E03C  Unknown               Unknown  Unknown
libmpi.so.12.0.0   00007F41AB6FA074  Unknown               Unknown  Unknown
libmpi.so.12.0.0   00007F41AB6F9DD0  MPI_Barrier           Unknown  Unknown
libmpifort.so.12.  00007F41AC70C6BC  pmpi_barrier          Unknown  Unknown
mst2               0000000000A4825B  sssolvermodule_mp        1781  SSSolverModule.F90
mst2               00000000010F10C3  mssolvermodule_mp         918  MSSolverModule.F90
mst2               00000000011DB40D  gfmethodmodule_mp        3721  GFMethodModule.F90
mst2               00000000011F2454  gfmethodmodule_mp        1622  GFMethodModule.F90
mst2               000000000116CE15  gfmethodmodule_mp         986  GFMethodModule.F90
mst2               0000000000415A24  MAIN__                   1567  mst2.F90
mst2               0000000000407E22  Unknown               Unknown  Unknown
libc-2.17.so       00007F41AACDF495  __libc_start_main     Unknown  Unknown
mst2               0000000000407D29  Unknown               Unknown  Unknown
forrtl: error (78): process killed (SIGTERM)
Image              PC                Routine            Line        Source             
mst2               0000000001E4B1E4  Unknown               Unknown  Unknown
libpthread-2.17.s  00007F56FB9345D0  Unknown               Unknown  Unknown
libmpi.so.12.0.0   00007F56FA2DD509  Unknown               Unknown  Unknown
libmpi.so.12.0.0   00007F56FA33B239  Unknown               Unknown  Unknown
libmpi.so.12.0.0   00007F56FA33ADD0  MPI_Barrier           Unknown  Unknown
libmpifort.so.12.  00007F56FB34D6BC  pmpi_barrier          Unknown  Unknown
mst2               0000000000A4825B  sssolvermodule_mp        1781  SSSolverModule.F90
mst2               00000000010F10C3  mssolvermodule_mp         918  MSSolverModule.F90
mst2               00000000011DB40D  gfmethodmodule_mp        3721  GFMethodModule.F90
mst2               00000000011F2454  gfmethodmodule_mp        1622  GFMethodModule.F90
mst2               000000000116CE15  gfmethodmodule_mp         986  GFMethodModule.F90
mst2               0000000000415A24  MAIN__                   1567  mst2.F90
mst2               0000000000407E22  Unknown               Unknown  Unknown
libc-2.17.so       00007F56F9920495  __libc_start_main     Unknown  Unknown
mst2               0000000000407D29  Unknown               Unknown  Unknown
forrtl: error (78): process killed (SIGTERM)
Image              PC                Routine            Line        Source             
mst2               0000000001E4B1E4  Unknown               Unknown  Unknown
libpthread-2.17.s  00007F9E971235D0  Unknown               Unknown  Unknown
libsockets-fi.so   00007F9DEB44A09B  Unknown               Unknown  Unknown
libmpi.so.12.0.0   00007F9E95CCA612  Unknown               Unknown  Unknown
libmpi.so.12.0.0   00007F9E964422CF  Unknown               Unknown  Unknown
libmpi.so.12.0.0   00007F9E962202F5  Unknown               Unknown  Unknown
libmpi.so.12.0.0   00007F9E95A93FAA  Unknown               Unknown  Unknown
libmpi.so.12.0.0   00007F9E95A85FAF  PMPI_Allreduce        Unknown  Unknown
libmpifort.so.12.  00007F9E96B3BE90  mpi_allreduce_        Unknown  Unknown
mst2               0000000001454F08  groupcommmodule_m        2822  GroupCommModule.F90
mst2               00000000011D3F13  gfmethodmodule_mp        4427  GFMethodModule.F90
mst2               00000000011DC109  gfmethodmodule_mp        3822  GFMethodModule.F90
mst2               00000000011F2454  gfmethodmodule_mp        1622  GFMethodModule.F90
mst2               000000000116CE15  gfmethodmodule_mp         986  GFMethodModule.F90
mst2               0000000000415A24  MAIN__                   1567  mst2.F90
mst2               0000000000407E22  Unknown               Unknown  Unknown
libc-2.17.so       00007F9E9510F495  __libc_start_main     Unknown  Unknown
mst2               0000000000407D29  Unknown               Unknown  Unknown
forrtl: error (78): process killed (SIGTERM)
Image              PC                Routine            Line        Source             
mst2               0000000001E4B1E4  Unknown               Unknown  Unknown
libpthread-2.17.s  00007F92035BC5D0  Unknown               Unknown  Unknown
libmpi.so.12.0.0   00007F9201F6550E  Unknown               Unknown  Unknown
libmpi.so.12.0.0   00007F9201FC3239  Unknown               Unknown  Unknown
libmpi.so.12.0.0   00007F9201FC2DD0  MPI_Barrier           Unknown  Unknown
libmpifort.so.12.  00007F9202FD56BC  pmpi_barrier          Unknown  Unknown
mst2               0000000000A4825B  sssolvermodule_mp        1781  SSSolverModule.F90
mst2               00000000010F10C3  mssolvermodule_mp         918  MSSolverModule.F90
mst2               00000000011DB40D  gfmethodmodule_mp        3721  GFMethodModule.F90
mst2               00000000011F2454  gfmethodmodule_mp        1622  GFMethodModule.F90
mst2               000000000116CE15  gfmethodmodule_mp         986  GFMethodModule.F90
mst2               0000000000415A24  MAIN__                   1567  mst2.F90
mst2               0000000000407E22  Unknown               Unknown  Unknown
libc-2.17.so       00007F92015A8495  __libc_start_main     Unknown  Unknown
mst2               0000000000407D29  Unknown               Unknown  Unknown
forrtl: error (78): process killed (SIGTERM)
Image              PC                Routine            Line        Source             
mst2               0000000001E4B1E4  Unknown               Unknown  Unknown
libpthread-2.17.s  00007F0A2D7455D0  Unknown               Unknown  Unknown
libmpi.so.12.0.0   00007F0A2C2E5370  Unknown               Unknown  Unknown
libmpi.so.12.0.0   00007F0A2CA642CF  Unknown               Unknown  Unknown
libmpi.so.12.0.0   00007F0A2C8422F5  Unknown               Unknown  Unknown
libmpi.so.12.0.0   00007F0A2C0B5FAA  Unknown               Unknown  Unknown
libmpi.so.12.0.0   00007F0A2C0A7FAF  PMPI_Allreduce        Unknown  Unknown
libmpifort.so.12.  00007F0A2D15DE90  mpi_allreduce_        Unknown  Unknown
mst2               0000000001454F08  groupcommmodule_m        2822  GroupCommModule.F90
mst2               00000000011D3F13  gfmethodmodule_mp        4427  GFMethodModule.F90
mst2               00000000011DC109  gfmethodmodule_mp        3822  GFMethodModule.F90
mst2               00000000011F2454  gfmethodmodule_mp        1622  GFMethodModule.F90
mst2               000000000116CE15  gfmethodmodule_mp         986  GFMethodModule.F90
mst2               0000000000415A24  MAIN__                   1567  mst2.F90
mst2               0000000000407E22  Unknown               Unknown  Unknown
libc-2.17.so       00007F0A2B731495  __libc_start_main     Unknown  Unknown
mst2               0000000000407D29  Unknown               Unknown  Unknown
forrtl: error (78): process killed (SIGTERM)
Image              PC                Routine            Line        Source             
mst2               0000000001E4B1E4  Unknown               Unknown  Unknown
libpthread-2.17.s  00007F4C31C865D0  Unknown               Unknown  Unknown
libsockets-fi.so   00007F4B85FAD5D5  Unknown               Unknown  Unknown
libmpi.so.12.0.0   00007F4C3082D612  Unknown               Unknown  Unknown
libmpi.so.12.0.0   00007F4C30FA52CF  Unknown               Unknown  Unknown
libmpi.so.12.0.0   00007F4C30D832F5  Unknown               Unknown  Unknown
libmpi.so.12.0.0   00007F4C305F6FAA  Unknown               Unknown  Unknown
libmpi.so.12.0.0   00007F4C305E8FAF  PMPI_Allreduce        Unknown  Unknown
libmpifort.so.12.  00007F4C3169EE90  mpi_allreduce_        Unknown  Unknown
mst2               0000000001454F08  groupcommmodule_m        2822  GroupCommModule.F90
mst2               00000000011D3F13  gfmethodmodule_mp        4427  GFMethodModule.F90
mst2               00000000011DC109  gfmethodmodule_mp        3822  GFMethodModule.F90
mst2               00000000011F2454  gfmethodmodule_mp        1622  GFMethodModule.F90
mst2               000000000116CE15  gfmethodmodule_mp         986  GFMethodModule.F90
mst2               0000000000415A24  MAIN__                   1567  mst2.F90
mst2               0000000000407E22  Unknown               Unknown  Unknown
libc-2.17.so       00007F4C2FC72495  __libc_start_main     Unknown  Unknown
mst2               0000000000407D29  Unknown               Unknown  Unknown
forrtl: error (78): process killed (SIGTERM)
Image              PC                Routine            Line        Source             
mst2               0000000001E4B1E4  Unknown               Unknown  Unknown
libpthread-2.17.s  00007FD14621E5D0  Unknown               Unknown  Unknown
.                  00007FFD6DE94CD5  __vdso_gettimeofd     Unknown  Unknown
libsockets-fi.so   00007FD09A55DE1E  Unknown               Unknown  Unknown
libsockets-fi.so   00007FD09A5459B2  Unknown               Unknown  Unknown
libmpi.so.12.0.0   00007FD144DC5612  Unknown               Unknown  Unknown
libmpi.so.12.0.0   00007FD14553D2CF  Unknown               Unknown  Unknown
libmpi.so.12.0.0   00007FD14531B2F5  Unknown               Unknown  Unknown
libmpi.so.12.0.0   00007FD144B8EFAA  Unknown               Unknown  Unknown
libmpi.so.12.0.0   00007FD144B80FAF  PMPI_Allreduce        Unknown  Unknown
libmpifort.so.12.  00007FD145C36E90  mpi_allreduce_        Unknown  Unknown
mst2               0000000001454F08  groupcommmodule_m        2822  GroupCommModule.F90
mst2               00000000011D3F13  gfmethodmodule_mp        4427  GFMethodModule.F90
mst2               00000000011DC109  gfmethodmodule_mp        3822  GFMethodModule.F90
mst2               00000000011F2454  gfmethodmodule_mp        1622  GFMethodModule.F90
mst2               000000000116CE15  gfmethodmodule_mp         986  GFMethodModule.F90
mst2               0000000000415A24  MAIN__                   1567  mst2.F90
mst2               0000000000407E22  Unknown               Unknown  Unknown
libc-2.17.so       00007FD14420A495  __libc_start_main     Unknown  Unknown
mst2               0000000000407D29  Unknown               Unknown  Unknown
forrtl: error (78): process killed (SIGTERM)
Image              PC                Routine            Line        Source             
mst2               0000000001E4B1E4  Unknown               Unknown  Unknown
libpthread-2.17.s  00007EFEF2AB75D0  Unknown               Unknown  Unknown
libsockets-fi.so   00007EFE46DF6E23  Unknown               Unknown  Unknown
libsockets-fi.so   00007EFE46DDE9B2  Unknown               Unknown  Unknown
libmpi.so.12.0.0   00007EFEF165E612  Unknown               Unknown  Unknown
libmpi.so.12.0.0   00007EFEF1DD62CF  Unknown               Unknown  Unknown
libmpi.so.12.0.0   00007EFEF1BB42F5  Unknown               Unknown  Unknown
libmpi.so.12.0.0   00007EFEF1427FAA  Unknown               Unknown  Unknown
libmpi.so.12.0.0   00007EFEF1419FAF  PMPI_Allreduce        Unknown  Unknown
libmpifort.so.12.  00007EFEF24CFE90  mpi_allreduce_        Unknown  Unknown
mst2               0000000001454F08  groupcommmodule_m        2822  GroupCommModule.F90
mst2               00000000011D3F13  gfmethodmodule_mp        4427  GFMethodModule.F90
mst2               00000000011DC109  gfmethodmodule_mp        3822  GFMethodModule.F90
mst2               00000000011F2454  gfmethodmodule_mp        1622  GFMethodModule.F90
mst2               000000000116CE15  gfmethodmodule_mp         986  GFMethodModule.F90
mst2               0000000000415A24  MAIN__                   1567  mst2.F90
mst2               0000000000407E22  Unknown               Unknown  Unknown
libc-2.17.so       00007EFEF0AA3495  __libc_start_main     Unknown  Unknown
mst2               0000000000407D29  Unknown               Unknown  Unknown
forrtl: error (78): process killed (SIGTERM)
Image              PC                Routine            Line        Source             
mst2               0000000001E4B1E4  Unknown               Unknown  Unknown
libpthread-2.17.s  00007F5BF381A5D0  Unknown               Unknown  Unknown
.                  00007FFF6010DCD5  __vdso_gettimeofd     Unknown  Unknown
libsockets-fi.so   00007F5B47B59E1E  Unknown               Unknown  Unknown
libsockets-fi.so   00007F5B47B410FE  Unknown               Unknown  Unknown
libmpi.so.12.0.0   00007F5BF23C1612  Unknown               Unknown  Unknown
libmpi.so.12.0.0   00007F5BF2B392CF  Unknown               Unknown  Unknown
libmpi.so.12.0.0   00007F5BF29172F5  Unknown               Unknown  Unknown
libmpi.so.12.0.0   00007F5BF218AFAA  Unknown               Unknown  Unknown
libmpi.so.12.0.0   00007F5BF217CFAF  PMPI_Allreduce        Unknown  Unknown
libmpifort.so.12.  00007F5BF3232E90  mpi_allreduce_        Unknown  Unknown
mst2               0000000001454F08  groupcommmodule_m        2822  GroupCommModule.F90
mst2               00000000011D3F13  gfmethodmodule_mp        4427  GFMethodModule.F90
mst2               00000000011DC109  gfmethodmodule_mp        3822  GFMethodModule.F90
mst2               00000000011F2454  gfmethodmodule_mp        1622  GFMethodModule.F90
mst2               000000000116CE15  gfmethodmodule_mp         986  GFMethodModule.F90
mst2               0000000000415A24  MAIN__                   1567  mst2.F90
mst2               0000000000407E22  Unknown               Unknown  Unknown
libc-2.17.so       00007F5BF1806495  __libc_start_main     Unknown  Unknown
mst2               0000000000407D29  Unknown               Unknown  Unknown
forrtl: error (78): process killed (SIGTERM)
Image              PC                Routine            Line        Source             
mst2               0000000001E4B1E4  Unknown               Unknown  Unknown
libpthread-2.17.s  00007FA514A9A5D0  Unknown               Unknown  Unknown
libsockets-fi.so   00007FA468DD181C  Unknown               Unknown  Unknown
libsockets-fi.so   00007FA468DD18B5  Unknown               Unknown  Unknown
libsockets-fi.so   00007FA468DC0649  Unknown               Unknown  Unknown
libsockets-fi.so   00007FA468DC1620  Unknown               Unknown  Unknown
libmpi.so.12.0.0   00007FA513641612  Unknown               Unknown  Unknown
libmpi.so.12.0.0   00007FA513DB92CF  Unknown               Unknown  Unknown
libmpi.so.12.0.0   00007FA513B972F5  Unknown               Unknown  Unknown
libmpi.so.12.0.0   00007FA51340AFAA  Unknown               Unknown  Unknown
libmpi.so.12.0.0   00007FA5133FCFAF  PMPI_Allreduce        Unknown  Unknown
libmpifort.so.12.  00007FA5144B2E90  mpi_allreduce_        Unknown  Unknown
mst2               0000000001454F08  groupcommmodule_m        2822  GroupCommModule.F90
mst2               00000000011D3F13  gfmethodmodule_mp        4427  GFMethodModule.F90
mst2               00000000011DC109  gfmethodmodule_mp        3822  GFMethodModule.F90
mst2               00000000011F2454  gfmethodmodule_mp        1622  GFMethodModule.F90
mst2               000000000116CE15  gfmethodmodule_mp         986  GFMethodModule.F90
mst2               0000000000415A24  MAIN__                   1567  mst2.F90
mst2               0000000000407E22  Unknown               Unknown  Unknown
libc-2.17.so       00007FA512A86495  __libc_start_main     Unknown  Unknown
mst2               0000000000407D29  Unknown               Unknown  Unknown
forrtl: error (78): process killed (SIGTERM)
Image              PC                Routine            Line        Source             
mst2               0000000001E4B1E4  Unknown               Unknown  Unknown
libpthread-2.17.s  00007F6469C285D0  Unknown               Unknown  Unknown
libsockets-fi.so   00007F63BDF6057C  Unknown               Unknown  Unknown
libsockets-fi.so   00007F63BDF61205  Unknown               Unknown  Unknown
libsockets-fi.so   00007F63BDF4E5D8  Unknown               Unknown  Unknown
libsockets-fi.so   00007F63BDF4F620  Unknown               Unknown  Unknown
libmpi.so.12.0.0   00007F64687CF612  Unknown               Unknown  Unknown
libmpi.so.12.0.0   00007F6468F472CF  Unknown               Unknown  Unknown
libmpi.so.12.0.0   00007F6468D252F5  Unknown               Unknown  Unknown
libmpi.so.12.0.0   00007F6468598FAA  Unknown               Unknown  Unknown
libmpi.so.12.0.0   00007F646858AFAF  PMPI_Allreduce        Unknown  Unknown
libmpifort.so.12.  00007F6469640E90  mpi_allreduce_        Unknown  Unknown
mst2               0000000001454F08  groupcommmodule_m        2822  GroupCommModule.F90
mst2               00000000011D3F13  gfmethodmodule_mp        4427  GFMethodModule.F90
mst2               00000000011DC109  gfmethodmodule_mp        3822  GFMethodModule.F90
mst2               00000000011F2454  gfmethodmodule_mp        1622  GFMethodModule.F90
mst2               000000000116CE15  gfmethodmodule_mp         986  GFMethodModule.F90
mst2               0000000000415A24  MAIN__                   1567  mst2.F90
mst2               0000000000407E22  Unknown               Unknown  Unknown
libc-2.17.so       00007F6467C14495  __libc_start_main     Unknown  Unknown
mst2               0000000000407D29  Unknown               Unknown  Unknown
forrtl: error (78): process killed (SIGTERM)
Image              PC                Routine            Line        Source             
mst2               0000000001E4B1E4  Unknown               Unknown  Unknown
libpthread-2.17.s  00007FADC8DFA5D0  Unknown               Unknown  Unknown
libsockets-fi.so   00007FAD1D132740  Unknown               Unknown  Unknown
libsockets-fi.so   00007FAD1D133205  Unknown               Unknown  Unknown
libsockets-fi.so   00007FAD1D1205D8  Unknown               Unknown  Unknown
libsockets-fi.so   00007FAD1D121620  Unknown               Unknown  Unknown
libmpi.so.12.0.0   00007FADC79A1612  Unknown               Unknown  Unknown
libmpi.so.12.0.0   00007FADC81192CF  Unknown               Unknown  Unknown
libmpi.so.12.0.0   00007FADC7EF72F5  Unknown               Unknown  Unknown
libmpi.so.12.0.0   00007FADC776AFAA  Unknown               Unknown  Unknown
libmpi.so.12.0.0   00007FADC775CFAF  PMPI_Allreduce        Unknown  Unknown
libmpifort.so.12.  00007FADC8812E90  mpi_allreduce_        Unknown  Unknown
mst2               0000000001454F08  groupcommmodule_m        2822  GroupCommModule.F90
mst2               00000000011D3F13  gfmethodmodule_mp        4427  GFMethodModule.F90
mst2               00000000011DC109  gfmethodmodule_mp        3822  GFMethodModule.F90
mst2               00000000011F2454  gfmethodmodule_mp        1622  GFMethodModule.F90
mst2               000000000116CE15  gfmethodmodule_mp         986  GFMethodModule.F90
mst2               0000000000415A24  MAIN__                   1567  mst2.F90
mst2               0000000000407E22  Unknown               Unknown  Unknown
libc-2.17.so       00007FADC6DE6495  __libc_start_main     Unknown  Unknown
mst2               0000000000407D29  Unknown               Unknown  Unknown
forrtl: error (78): process killed (SIGTERM)
Image              PC                Routine            Line        Source             
mst2               0000000001E4B1E4  Unknown               Unknown  Unknown
libpthread-2.17.s  00007FED22C9D5D0  Unknown               Unknown  Unknown
libsockets-fi.so   00007FEC76FD61D5  Unknown               Unknown  Unknown
libsockets-fi.so   00007FEC76FC35D8  Unknown               Unknown  Unknown
libsockets-fi.so   00007FEC76FC4620  Unknown               Unknown  Unknown
libmpi.so.12.0.0   00007FED21844612  Unknown               Unknown  Unknown
libmpi.so.12.0.0   00007FED21FBC2CF  Unknown               Unknown  Unknown
libmpi.so.12.0.0   00007FED2197DE73  Unknown               Unknown  Unknown
libmpi.so.12.0.0   00007FED2159828D  Unknown               Unknown  Unknown
libmpi.so.12.0.0   00007FED215A2FFB  Unknown               Unknown  Unknown
libmpi.so.12.0.0   00007FED2160DD16  Unknown               Unknown  Unknown
libmpi.so.12.0.0   00007FED215FFFAF  PMPI_Allreduce        Unknown  Unknown
libmpifort.so.12.  00007FED226B5E90  mpi_allreduce_        Unknown  Unknown
mst2               0000000001452FEC  groupcommmodule_m        2653  GroupCommModule.F90
mst2               0000000001038F77  crystalmatrixmodu        1245  CrystalMatrixModule.F90
mst2               00000000010F119D  mssolvermodule_mp         925  MSSolverModule.F90
mst2               00000000011DB40D  gfmethodmodule_mp        3721  GFMethodModule.F90
mst2               00000000011F2454  gfmethodmodule_mp        1622  GFMethodModule.F90
mst2               000000000116CE15  gfmethodmodule_mp         986  GFMethodModule.F90
mst2               0000000000415A24  MAIN__                   1567  mst2.F90
mst2               0000000000407E22  Unknown               Unknown  Unknown
libc-2.17.so       00007FED20C89495  __libc_start_main     Unknown  Unknown
mst2               0000000000407D29  Unknown               Unknown  Unknown

===================================================================================
=   BAD TERMINATION OF ONE OF YOUR APPLICATION PROCESSES
=   RANK 0 PID 24395 RUNNING AT bolt.psc.edu
=   EXIT STATUS: 1
===================================================================================

===================================================================================
=   BAD TERMINATION OF ONE OF YOUR APPLICATION PROCESSES
=   RANK 1 PID 24396 RUNNING AT bolt.psc.edu
=   EXIT STATUS: 1
===================================================================================

===================================================================================
=   BAD TERMINATION OF ONE OF YOUR APPLICATION PROCESSES
=   RANK 2 PID 24397 RUNNING AT bolt.psc.edu
=   EXIT STATUS: 1
===================================================================================

===================================================================================
=   BAD TERMINATION OF ONE OF YOUR APPLICATION PROCESSES
=   RANK 3 PID 24398 RUNNING AT bolt.psc.edu
=   EXIT STATUS: 1
===================================================================================

===================================================================================
=   BAD TERMINATION OF ONE OF YOUR APPLICATION PROCESSES
=   RANK 4 PID 24399 RUNNING AT bolt.psc.edu
=   EXIT STATUS: 1
===================================================================================

===================================================================================
=   BAD TERMINATION OF ONE OF YOUR APPLICATION PROCESSES
=   RANK 5 PID 24400 RUNNING AT bolt.psc.edu
=   EXIT STATUS: 1
===================================================================================

===================================================================================
=   BAD TERMINATION OF ONE OF YOUR APPLICATION PROCESSES
=   RANK 6 PID 24401 RUNNING AT bolt.psc.edu
=   EXIT STATUS: 1
===================================================================================

===================================================================================
=   BAD TERMINATION OF ONE OF YOUR APPLICATION PROCESSES
=   RANK 7 PID 24402 RUNNING AT bolt.psc.edu
=   EXIT STATUS: 1
===================================================================================

===================================================================================
=   BAD TERMINATION OF ONE OF YOUR APPLICATION PROCESSES
=   RANK 8 PID 24403 RUNNING AT bolt.psc.edu
=   EXIT STATUS: 1
===================================================================================

===================================================================================
=   BAD TERMINATION OF ONE OF YOUR APPLICATION PROCESSES
=   RANK 9 PID 24404 RUNNING AT bolt.psc.edu
=   EXIT STATUS: 1
===================================================================================

===================================================================================
=   BAD TERMINATION OF ONE OF YOUR APPLICATION PROCESSES
=   RANK 10 PID 24405 RUNNING AT bolt.psc.edu
=   EXIT STATUS: 1
===================================================================================

===================================================================================
=   BAD TERMINATION OF ONE OF YOUR APPLICATION PROCESSES
=   RANK 11 PID 24406 RUNNING AT bolt.psc.edu
=   EXIT STATUS: 1
===================================================================================

===================================================================================
=   BAD TERMINATION OF ONE OF YOUR APPLICATION PROCESSES
=   RANK 12 PID 24407 RUNNING AT bolt.psc.edu
=   EXIT STATUS: 1
===================================================================================

===================================================================================
=   BAD TERMINATION OF ONE OF YOUR APPLICATION PROCESSES
=   RANK 13 PID 24408 RUNNING AT bolt.psc.edu
=   EXIT STATUS: 1
===================================================================================

===================================================================================
=   BAD TERMINATION OF ONE OF YOUR APPLICATION PROCESSES
=   RANK 14 PID 24409 RUNNING AT bolt.psc.edu
=   EXIT STATUS: 1
===================================================================================

===================================================================================
=   BAD TERMINATION OF ONE OF YOUR APPLICATION PROCESSES
=   RANK 15 PID 24410 RUNNING AT bolt.psc.edu
=   EXIT STATUS: 1
===================================================================================
