   0   -6815.852442960445     0.428499     0.000000    0.0103658549
   1   -6815.887882304454     0.447427     0.000000    0.0005304594
   2   -6815.762640363855     0.565997     0.000000    0.0034361679
   3   -6815.976183493181     0.605590     0.000000    0.0008731896
   4   -6815.909134102330     0.635162     0.000000    0.0012849347
   5   -6815.936575107887     0.621402     0.000000    0.0012266341
   6   -6815.936916451986     0.617726     0.000000    0.0001808303
   7   -6815.937183757463     0.616794     0.000000    0.0000558779
   8   -6815.937180796167     0.616739     0.000000    0.0000249149
   9   -6815.937172501652     0.616760     0.000000    0.0000015840
  10   -6815.937145747949     0.616816     0.000000    0.0000058637
  11   -6815.937150581548     0.616802     0.000000    0.0000007157
  12   -6815.937149911496     0.616803     0.000000    0.0000000449
  13   -6815.937145561926     0.616815     0.000000    0.0000006181
  14   -6815.937142463827     0.616825     0.000000    0.0000004071
  15   -6815.937136424941     0.616842     0.000000    0.0000007928
  16   -6815.937136348471     0.616842     0.000000    0.0000000119
  17   -6815.937136520216     0.616842     0.000000    0.0000000362
  18   -6815.937136220310     0.616843     0.000000    0.0000000521
  19   -6815.937136264044     0.616842     0.000000    0.0000000073
