  
             ********************************************************
             *                                                      *
             *              Fortran 90 Interface Module             *
             *                                                      *
             *                         For                          *
             *                                                      *
             *              MPI Message Passing Library             *
             *                                                      *
             *                   Version No. 2.0k                   *
             *                                                      *
             ********************************************************
  
 CHARACTER_BYTES =            1
 INTEGER_BYTES   =            4
 REAL_BYTES      =            8
 COMPLEX_BYTES   =           16
 ADDRESS_BYTES   =            8
  
 Number of Procs =           16
  
Execution starts at 21:47:51, 09-16-2020 on    16 nodes
#-------------------------------------------------------------------------------
#
#
#           ********************************************************
#           *                                                      *
#           *    Full-Potential Multiple Scattering Theory Based   *
#           *                                                      *
#           *  Ab Initio Electronic Structure Calculation Package  *
#           *                                                      *
#           ********************************************************
#
#
#   username                 : ywg
#   system name              : bolt.psc.edu
#   code compiled            : Sunday, September 13 2020 12:57:26
#   MuST source code version : v1.3.4
#-------------------------------------------------------------------------------

 The Position Data File: ./position.dat

 The Position Data is read successfully!


================================================================================

 The lattice system is: Cubic       

********************************
* Output from SPACEGRP         *
********************************

The point group of the crystal is the full cubic        group
Space group is symmorphic
--------------------------------------------------------------------------------

********************************
* Output from CHECKSYMM        *
********************************

Symmetry is correct
--------------------------------------------------------------------------------

********************************
* Output from SPACEGRP         *
********************************

The point group of the crystal is the full cubic        group
Space group is symmorphic
--------------------------------------------------------------------------------

********************************
* Output from SPKPT            *
********************************

Wavevector mesh contains    1956 points
  some of these mesh points are related by lattice translation vectors
    228 of the mesh points removed.

  some of these mesh points are related by lattice translation vectors
    228 of the mesh points removed.

  some of these mesh points are related by lattice translation vectors
    228 of the mesh points removed.

  some of these mesh points are related by lattice translation vectors
    228 of the mesh points removed.

  some of these mesh points are related by lattice translation vectors
    228 of the mesh points removed.

  some of these mesh points are related by lattice translation vectors
    228 of the mesh points removed.

  some of these mesh points are related by lattice translation vectors
    228 of the mesh points removed.

--------------------------------------------------------------------------------

================================================================================

            *********************************************
            *     Output from createParallelization     *
            *            in ProcMappingModule           *
            *********************************************

The number of processors in each box :    1
The number of repeats along k-dimen. :    4
The number of repeats along e-dimen. :    4
Dimension of the box (to be repeated to produce processor grid):    1  X    1  X    1
Dimension of processors :    4  X    4  X    1
  some of these mesh points are related by lattice translation vectors
    228 of the mesh points removed.

  some of these mesh points are related by lattice translation vectors
    228 of the mesh points removed.

  some of these mesh points are related by lattice translation vectors
    228 of the mesh points removed.

  some of these mesh points are related by lattice translation vectors
    228 of the mesh points removed.

  some of these mesh points are related by lattice translation vectors
    228 of the mesh points removed.

  some of these mesh points are related by lattice translation vectors
    228 of the mesh points removed.

  some of these mesh points are related by lattice translation vectors
    228 of the mesh points removed.

  some of these mesh points are related by lattice translation vectors
    228 of the mesh points removed.

  some of these mesh points are related by lattice translation vectors
    228 of the mesh points removed.

MyPE =     3 is at (  0,  3,  0)
MyPE =     4 is at (  1,  0,  0)
MyPE =     5 is at (  1,  1,  0)
MyPE =     6 is at (  1,  2,  0)
MyPE =     7 is at (  1,  3,  0)
MyPE =     8 is at (  2,  0,  0)
MyPE =     9 is at (  2,  1,  0)
MyPE =    10 is at (  2,  2,  0)
MyPE =    11 is at (  2,  3,  0)
MyPE =    12 is at (  3,  0,  0)
MyPE =    13 is at (  3,  1,  0)
MyPE =    14 is at (  3,  2,  0)
MyPE =    15 is at (  3,  3,  0)
Proc Grid Dimension:      3
Total Number of Procs:   16
Proc Grid Size in Each Dimension: (  4,  4,  1)
MyPE =     0 is at (  0,  0,  0)
MyPE =     1 is at (  0,  1,  0)
MyPE =     2 is at (  0,  2,  0)
MyPE =     1, NumEs, NumEsPerBox =    30    9
MyPE =     1, E index =     2    6   10   14   18   22   26   29   30
MyPE =     1, NumKs, NumKsPerBox =    68   17
MyPE =     7, NumEs, NumEsPerBox =    30    9
MyPE =     7, E index =     4    8   12   16   20   24   28   29   30
MyPE =     7, NumKs, NumKsPerBox =    68   17
MyPE =     7, K index =    18   19   20   21   22   23   24   25   26   27   28   29   30   31   32   33, ...,...
MyPE =     0, NumEs, NumEsPerBox =    30    9
MyPE =     0, E index =     1    5    9   13   17   21   25   29   30
Energy point index =     1    2    3    4    5    6    7    8    9   10   11   12   13   14   15   16   17   18   19   20, ...
Process in E-group =     0    1    2    3    0    1    2    3    0    1    2    3    0    1    2    3    0    1    2    3, ...
MyPE =     0, NumKs, NumKsPerBox =    68   17
MyPE =     1, K index =     1    2    3    4    5    6    7    8    9   10   11   12   13   14   15   16, ...,...
MyPE =     2, NumEs, NumEsPerBox =    30    9
MyPE =     2, E index =     3    7   11   15   19   23   27   29   30
MyPE =     2, NumKs, NumKsPerBox =    68   17
MyPE =     2, K index =     1    2    3    4    5    6    7    8    9   10   11   12   13   14   15   16, ...,...
MyPE =     3, NumEs, NumEsPerBox =    30    9
MyPE =     3, E index =     4    8   12   16   20   24   28   29   30
MyPE =     3, NumKs, NumKsPerBox =    68   17
MyPE =     3, K index =     1    2    3    4    5    6    7    8    9   10   11   12   13   14   15   16, ...,...
MyPE =     4, NumEs, NumEsPerBox =    30    9
MyPE =     4, E index =     1    5    9   13   17   21   25   29   30
MyPE =     4, NumKs, NumKsPerBox =    68   17
MyPE =     4, K index =    18   19   20   21   22   23   24   25   26   27   28   29   30   31   32   33, ...,...
MyPE =     5, NumEs, NumEsPerBox =    30    9
MyPE =     5, E index =     2    6   10   14   18   22   26   29   30
MyPE =     5, NumKs, NumKsPerBox =    68   17
MyPE =     5, K index =    18   19   20   21   22   23   24   25   26   27   28   29   30   31   32   33, ...,...
MyPE =     6, NumEs, NumEsPerBox =    30    9
MyPE =     6, E index =     3    7   11   15   19   23   27   29   30
MyPE =     6, NumKs, NumKsPerBox =    68   17
MyPE =     6, K index =    18   19   20   21   22   23   24   25   26   27   28   29   30   31   32   33, ...,...
MyPE =     0, K index =     1    2    3    4    5    6    7    8    9   10   11   12   13   14   15   16, ...,...
IBZ K point index  =     1    2    3    4    5    6    7    8    9   10   11   12   13   14   15   16   17   18   19   20, ...,...
Process in K-group =     0    0    0    0    0    0    0    0    0    0    0    0    0    0    0    0    1    1    1    1, ...,...

================================================================================

The number of processes that write output data:      1
 Running on            1 threads
