Title: Sodium Atomic Potential                                                
  zed=   11.000000000000000     
  icon=           0
  nspins=           1
 iexc=           1
  number of scf iterations is           25      with mixing parameter alpha=  0.10000000000000001     
 output potential file is Na_a.pot            
Title: Sodium Atomic Potential                                                
    0                    continuing run (0=no,1=yes,2=yes+ch.occ)
  11.00000               zed: atomic number
   0.00000               moment
    1                    number of spins
    1                    ex-cor type (1=vb-hedin,2=vosko)
   25                    number of iterations
   0.10000               mixing parameter
Na_a.pot                 pot file (output)
 =========================================================================
 atomic code: local density (spherical)   written jan/feb 87 by f.j.pinski
 .........................................................................
 =========================================================================
     atomic number  11.   chemical symbol: na   element: sodium         
 =========================================================================
            mesh= 1001        nsize=  40        nblock=  25
   r(   1)=   0.00000000    r(  51)=   0.00225000    r( 101)=   0.00750000
   r( 151)=   0.01950000    r( 201)=   0.04650000    r( 251)=   0.11850000
   r( 301)=   0.28649999    r( 351)=   0.67049998    r( 401)=   1.53449996
   r( 451)=   3.83849990    r( 501)=   9.21449977    r( 551)=  21.50249946
   r( 601)=  36.86249907    r( 651)=  52.22249868    r( 701)=  67.58249829
   r( 751)=  82.94249790    r( 801)=  98.30249752    r( 851)= 113.66249713

 +++++++++++++++++++++++ number of electrons: 11.000 +++++++++++++++++++++
 =========================================================================
                             state configuration
 -------------------------------------------------------------------------
  1.1s:n=1,l=0,e=  -90.750,occ= 2.00   2.2s:n=2,l=0,e=   -1.418,occ= 2.00
  3.2p:n=2,l=1,e=   -1.418,occ= 6.00   4.3s:n=3,l=0,e=   -0.124,occ= 1.00
 =========================================================================
 =========================================================================
  atomic number  11.00        na  ==========  atom:    up electrons= 5.50
 ==================================================  down electrons= 5.50

 =========================================================================
  iteration number:   1                   mixing parameter:  0.100
 =========================================================================
 foundit, spin=1, state= 1, n=1, l=0, energy=   -70.52510868369, oc= 2.000
 foundit, spin=1, state= 2, n=2, l=0, energy=    -3.99075348313, oc= 2.000
 foundit, spin=1, state= 3, n=2, l=1, energy=    -1.97803762933, oc= 6.000
 foundit, spin=1, state= 4, n=3, l=0, energy=    -0.04897743536, oc= 1.000
 =========================================================================
 sodium         at.num= 11.0       5.500 up   and  5.500  down   electrons
 =========================================================================
  total number of electrons:    10.999999999999998     
 r=  0.000000E+00 v(   1)= -0.220000E+02   r=  0.750000E-02 v( 101)= -0.216203E+02
 r=  0.465000E-01 v( 201)= -0.196453E+02   r=  0.286500E+00 v( 301)= -0.120005E+02
 r=  0.153450E+01 v( 401)= -0.273474E+01   r=  0.921450E+01 v( 501)= -0.877816E+00
 r=  0.368625E+02 v( 601)= -0.413231E-07   r=  0.675825E+02 v( 701)= -0.934364E-12
 r=  0.983025E+02 v( 801)= -0.355271E-14   r=  0.129022E+03 v( 901)= -0.355271E-14
 /////////////////////////////////////////////////////////////////////////
  qsum= -302.015140    excor=   -1.139757           energy=   -303.1548974
  corr=  -19.317981                           total energy=   -322.4728787
 /////////////////////////////////////////////////////////////////////////
 _________________________________________________________________________
 ========= iter=  1 ==== rms difference in ch. density=  2.180     =======
 ========= iter=  1 ==== rms difference in r*potential= 0.3900     =======
 =========================================================================
  iteration number:   2                   mixing parameter:  0.100
 =========================================================================
 foundit, spin=1, state= 1, n=1, l=0, energy=   -71.16732992283, oc= 2.000
 foundit, spin=1, state= 2, n=2, l=0, energy=    -4.04871084046, oc= 2.000
 foundit, spin=1, state= 3, n=2, l=1, energy=    -2.03722817190, oc= 6.000
 foundit, spin=1, state= 4, n=3, l=0, energy=    -0.06856209120, oc= 1.000
 =========================================================================
 sodium         at.num= 11.0       5.500 up   and  5.500  down   electrons
 =========================================================================
  total number of electrons:    11.000000000000018     
 r=  0.000000E+00 v(   1)= -0.220000E+02   r=  0.750000E-02 v( 101)= -0.216177E+02
 r=  0.465000E-01 v( 201)= -0.196297E+02   r=  0.286500E+00 v( 301)= -0.119387E+02
 r=  0.153450E+01 v( 401)= -0.268828E+01   r=  0.921450E+01 v( 501)= -0.823659E+00
 r=  0.368625E+02 v( 601)= -0.296164E-08   r=  0.675825E+02 v( 701)=  0.355271E-13
 r=  0.983025E+02 v( 801)=  0.355271E-13   r=  0.129022E+03 v( 901)=  0.355271E-13
 /////////////////////////////////////////////////////////////////////////
  qsum= -304.887000    excor=   -1.144454           energy=   -306.0314535
  corr=  -16.558019                           total energy=   -322.5894722
 /////////////////////////////////////////////////////////////////////////
 _________________________________________________________________________
 ========= iter=  2 ==== rms difference in ch. density= 0.1722E-01 =======
 ========= iter=  2 ==== rms difference in r*potential= 0.3284     =======
 =========================================================================
  iteration number:   3                   mixing parameter:  0.100
 =========================================================================
 foundit, spin=1, state= 1, n=1, l=0, energy=   -71.71815628472, oc= 2.000
 foundit, spin=1, state= 2, n=2, l=0, energy=    -4.09144689644, oc= 2.000
 foundit, spin=1, state= 3, n=2, l=1, energy=    -2.08126072538, oc= 6.000
 foundit, spin=1, state= 4, n=3, l=0, energy=    -0.08555859729, oc= 1.000
 =========================================================================
 sodium         at.num= 11.0       5.500 up   and  5.500  down   electrons
 =========================================================================
  total number of electrons:    11.000000000000011     
 r=  0.000000E+00 v(   1)= -0.220000E+02   r=  0.750000E-02 v( 101)= -0.216155E+02
 r=  0.465000E-01 v( 201)= -0.196170E+02   r=  0.286500E+00 v( 301)= -0.118897E+02
 r=  0.153450E+01 v( 401)= -0.265548E+01   r=  0.921450E+01 v( 501)= -0.784002E+00
 r=  0.368625E+02 v( 601)= -0.403207E-09   r=  0.675825E+02 v( 701)=  0.213163E-13
 r=  0.983025E+02 v( 801)=  0.213163E-13   r=  0.129022E+03 v( 901)=  0.213163E-13
 /////////////////////////////////////////////////////////////////////////
  qsum= -307.310081    excor=   -1.148032           energy=   -308.4581136
  corr=  -14.211997                           total energy=   -322.6701110
 /////////////////////////////////////////////////////////////////////////
 _________________________________________________________________________
 ========= iter=  3 ==== rms difference in ch. density= 0.1408E-01 =======
 ========= iter=  3 ==== rms difference in r*potential= 0.2797     =======
 =========================================================================
  iteration number:   4                   mixing parameter:  0.100
 =========================================================================
 foundit, spin=1, state= 1, n=1, l=0, energy=   -72.19194281603, oc= 2.000
 foundit, spin=1, state= 2, n=2, l=0, energy=    -4.12256218787, oc= 2.000
 foundit, spin=1, state= 3, n=2, l=1, energy=    -2.11359779647, oc= 6.000
 foundit, spin=1, state= 4, n=3, l=0, energy=    -0.10034901246, oc= 1.000
 =========================================================================
 sodium         at.num= 11.0       5.500 up   and  5.500  down   electrons
 =========================================================================
  total number of electrons:    10.999999999999998     
 r=  0.000000E+00 v(   1)= -0.220000E+02   r=  0.750000E-02 v( 101)= -0.216138E+02
 r=  0.465000E-01 v( 201)= -0.196066E+02   r=  0.286500E+00 v( 301)= -0.118504E+02
 r=  0.153450E+01 v( 401)= -0.263151E+01   r=  0.921450E+01 v( 501)= -0.753530E+00
 r=  0.368625E+02 v( 601)= -0.837242E-10   r=  0.675825E+02 v( 701)= -0.355271E-14
 r=  0.983025E+02 v( 801)= -0.355271E-14   r=  0.129022E+03 v( 901)= -0.355271E-14
 /////////////////////////////////////////////////////////////////////////
  qsum= -309.359566    excor=   -1.150809           energy=   -310.5103746
  corr=  -12.216284                           total energy=   -322.7266590
 /////////////////////////////////////////////////////////////////////////
 _________________________________________________________________________
 ========= iter=  4 ==== rms difference in ch. density= 0.1156E-01 =======
 ========= iter=  4 ==== rms difference in r*potential= 0.2403     =======
 =========================================================================
  iteration number:   5                   mixing parameter:  0.100
 =========================================================================
 foundit, spin=1, state= 1, n=1, l=0, energy=   -74.58907543210, oc= 2.000
 foundit, spin=1, state= 2, n=2, l=0, energy=    -4.25593933654, oc= 2.000
 foundit, spin=1, state= 3, n=2, l=1, energy=    -2.25583707768, oc= 6.000
 foundit, spin=1, state= 4, n=3, l=0, energy=    -0.17707260510, oc= 1.000
 =========================================================================
 sodium         at.num= 11.0       5.500 up   and  5.500  down   electrons
 =========================================================================
  total number of electrons:    11.000000000000009     
 r=  0.000000E+00 v(   1)= -0.220000E+02   r=  0.750000E-02 v( 101)= -0.216052E+02
 r=  0.465000E-01 v( 201)= -0.195558E+02   r=  0.286500E+00 v( 301)= -0.116648E+02
 r=  0.153450E+01 v( 401)= -0.253716E+01   r=  0.921450E+01 v( 501)= -0.632863E+00
 r=  0.368625E+02 v( 601)= -0.113047E-11   r=  0.675825E+02 v( 701)=  0.177636E-13
 r=  0.983025E+02 v( 801)=  0.177636E-13   r=  0.129022E+03 v( 901)=  0.177636E-13
 /////////////////////////////////////////////////////////////////////////
  qsum= -319.714245    excor=   -1.163263           energy=   -320.8775080
  corr=   -1.987108                           total energy=   -322.8646157
 /////////////////////////////////////////////////////////////////////////
 _________________________________________________________________________
 ========= iter=  5 ==== rms difference in ch. density= 0.5680E-01 =======
 ========= iter=  5 ==== rms difference in r*potential= 0.7868E-01 =======
 =========================================================================
  iteration number:   6                   mixing parameter:  0.100
 =========================================================================
 foundit, spin=1, state= 1, n=1, l=0, energy=   -75.02362792102, oc= 2.000
 foundit, spin=1, state= 2, n=2, l=0, energy=    -4.24971117529, oc= 2.000
 foundit, spin=1, state= 3, n=2, l=1, energy=    -2.25033566444, oc= 6.000
 foundit, spin=1, state= 4, n=3, l=0, energy=    -0.19214159185, oc= 1.000
 =========================================================================
 sodium         at.num= 11.0       5.500 up   and  5.500  down   electrons
 =========================================================================
  total number of electrons:    11.000000000000002     
 r=  0.000000E+00 v(   1)= -0.220000E+02   r=  0.750000E-02 v( 101)= -0.216041E+02
 r=  0.465000E-01 v( 201)= -0.195492E+02   r=  0.286500E+00 v( 301)= -0.116458E+02
 r=  0.153450E+01 v( 401)= -0.253198E+01   r=  0.921450E+01 v( 501)= -0.614891E+00
 r=  0.368625E+02 v( 601)= -0.107292E-11   r=  0.675825E+02 v( 701)=  0.355271E-14
 r=  0.983025E+02 v( 801)=  0.355271E-14   r=  0.129022E+03 v( 901)=  0.355271E-14
 /////////////////////////////////////////////////////////////////////////
  qsum= -321.343222    excor=   -1.164351           energy=   -322.5075738
  corr=   -0.361324                           total energy=   -322.8688974
 /////////////////////////////////////////////////////////////////////////
 _________________________________________________________________________
 ========= iter=  6 ==== rms difference in ch. density= 0.7576E-02 =======
 ========= iter=  6 ==== rms difference in r*potential= 0.6006E-01 =======
 =========================================================================
  iteration number:   7                   mixing parameter:  0.100
 =========================================================================
 foundit, spin=1, state= 1, n=1, l=0, energy=   -75.37237680683, oc= 2.000
 foundit, spin=1, state= 2, n=2, l=0, energy=    -4.14495608330, oc= 2.000
 foundit, spin=1, state= 3, n=2, l=1, energy=    -2.14149025169, oc= 6.000
 foundit, spin=1, state= 4, n=3, l=0, energy=    -0.20803377389, oc= 1.000
 =========================================================================
 sodium         at.num= 11.0       5.500 up   and  5.500  down   electrons
 =========================================================================
  total number of electrons:    10.999999999999986     
 r=  0.000000E+00 v(   1)= -0.220000E+02   r=  0.750000E-02 v( 101)= -0.216046E+02
 r=  0.465000E-01 v( 201)= -0.195531E+02   r=  0.286500E+00 v( 301)= -0.116807E+02
 r=  0.153450E+01 v( 401)= -0.256121E+01   r=  0.921450E+01 v( 501)= -0.598809E+00
 r=  0.368625E+02 v( 601)= -0.351719E-12   r=  0.675825E+02 v( 701)= -0.284217E-13
 r=  0.983025E+02 v( 801)= -0.284217E-13   r=  0.129022E+03 v( 901)= -0.284217E-13
 /////////////////////////////////////////////////////////////////////////
  qsum= -321.672758    excor=   -1.161465           energy=   -322.8342234
  corr=   -0.044010                           total energy=   -322.8782337
 /////////////////////////////////////////////////////////////////////////
 _________________________________________________________________________
 ========= iter=  7 ==== rms difference in ch. density= 0.1244E-01 =======
 ========= iter=  7 ==== rms difference in r*potential= 0.1679E-01 =======
 =========================================================================
  iteration number:   8                   mixing parameter:  0.100
 =========================================================================
 foundit, spin=1, state= 1, n=1, l=0, energy=   -75.39569312345, oc= 2.000
 foundit, spin=1, state= 2, n=2, l=0, energy=    -4.12152835404, oc= 2.000
 foundit, spin=1, state= 3, n=2, l=1, energy=    -2.11696411754, oc= 6.000
 foundit, spin=1, state= 4, n=3, l=0, energy=    -0.21004191649, oc= 1.000
 =========================================================================
 sodium         at.num= 11.0       5.500 up   and  5.500  down   electrons
 =========================================================================
  total number of electrons:    11.000000000000012     
 r=  0.000000E+00 v(   1)= -0.220000E+02   r=  0.750000E-02 v( 101)= -0.216049E+02
 r=  0.465000E-01 v( 201)= -0.195549E+02   r=  0.286500E+00 v( 301)= -0.116920E+02
 r=  0.153450E+01 v( 401)= -0.256873E+01   r=  0.921450E+01 v( 501)= -0.596133E+00
 r=  0.368625E+02 v( 601)= -0.259348E-12   r=  0.675825E+02 v( 701)=  0.248690E-13
 r=  0.983025E+02 v( 801)=  0.248690E-13   r=  0.129022E+03 v( 901)=  0.248690E-13
 /////////////////////////////////////////////////////////////////////////
  qsum= -321.519635    excor=   -1.160616           energy=   -322.6802503
  corr=   -0.198265                           total energy=   -322.8785157
 /////////////////////////////////////////////////////////////////////////
 _________________________________________________________________________
 ========= iter=  8 ==== rms difference in ch. density= 0.3384E-02 =======
 ========= iter=  8 ==== rms difference in r*potential= 0.1225E-01 =======
 =========================================================================
  iteration number:   9                   mixing parameter:  0.100
 =========================================================================
 foundit, spin=1, state= 1, n=1, l=0, energy=   -75.39817636240, oc= 2.000
 foundit, spin=1, state= 2, n=2, l=0, energy=    -4.12531596691, oc= 2.000
 foundit, spin=1, state= 3, n=2, l=1, energy=    -2.12027914091, oc= 6.000
 foundit, spin=1, state= 4, n=3, l=0, energy=    -0.21145469412, oc= 1.000
 =========================================================================
 sodium         at.num= 11.0       5.500 up   and  5.500  down   electrons
 =========================================================================
  total number of electrons:    11.000000000000005     
 r=  0.000000E+00 v(   1)= -0.220000E+02   r=  0.750000E-02 v( 101)= -0.216049E+02
 r=  0.465000E-01 v( 201)= -0.195548E+02   r=  0.286500E+00 v( 301)= -0.116915E+02
 r=  0.153450E+01 v( 401)= -0.256662E+01   r=  0.921450E+01 v( 501)= -0.590107E+00
 r=  0.368625E+02 v( 601)= -0.223821E-12   r=  0.675825E+02 v( 701)=  0.106581E-13
 r=  0.983025E+02 v( 801)=  0.106581E-13   r=  0.129022E+03 v( 901)=  0.106581E-13
 /////////////////////////////////////////////////////////////////////////
  qsum= -321.542420    excor=   -1.160724           energy=   -322.7031439
  corr=   -0.175391                           total energy=   -322.8785351
 /////////////////////////////////////////////////////////////////////////
 _________________________________________________________________________
 ========= iter=  9 ==== rms difference in ch. density= 0.1833E-03 =======
 ========= iter=  9 ==== rms difference in r*potential= 0.8258E-02 =======
 =========================================================================
  iteration number:  10                   mixing parameter:  0.100
 =========================================================================
 foundit, spin=1, state= 1, n=1, l=0, energy=   -75.38713029101, oc= 2.000
 foundit, spin=1, state= 2, n=2, l=0, energy=    -4.12611676891, oc= 2.000
 foundit, spin=1, state= 3, n=2, l=1, energy=    -2.12079728803, oc= 6.000
 foundit, spin=1, state= 4, n=3, l=0, energy=    -0.21166176384, oc= 1.000
 =========================================================================
 sodium         at.num= 11.0       5.500 up   and  5.500  down   electrons
 =========================================================================
  total number of electrons:    11.000000000000002     
 r=  0.000000E+00 v(   1)= -0.220000E+02   r=  0.750000E-02 v( 101)= -0.216049E+02
 r=  0.465000E-01 v( 201)= -0.195551E+02   r=  0.286500E+00 v( 301)= -0.116923E+02
 r=  0.153450E+01 v( 401)= -0.256612E+01   r=  0.921450E+01 v( 501)= -0.587728E+00
 r=  0.368625E+02 v( 601)= -0.223821E-12   r=  0.675825E+02 v( 701)=  0.355271E-14
 r=  0.983025E+02 v( 801)=  0.355271E-14   r=  0.129022E+03 v( 901)=  0.355271E-14
 /////////////////////////////////////////////////////////////////////////
  qsum= -321.498033    excor=   -1.160706           energy=   -322.6587395
  corr=   -0.219777                           total energy=   -322.8785169
 /////////////////////////////////////////////////////////////////////////
 _________________________________________________________________________
 ========= iter= 10 ==== rms difference in ch. density= 0.3142E-03 =======
 ========= iter= 10 ==== rms difference in r*potential= 0.6086E-02 =======
 =========================================================================
  iteration number:  11                   mixing parameter:  0.100
 =========================================================================
 foundit, spin=1, state= 1, n=1, l=0, energy=   -75.37280510495, oc= 2.000
 foundit, spin=1, state= 2, n=2, l=0, energy=    -4.12910664949, oc= 2.000
 foundit, spin=1, state= 3, n=2, l=1, energy=    -2.12360622534, oc= 6.000
 foundit, spin=1, state= 4, n=3, l=0, energy=    -0.21154238661, oc= 1.000
 =========================================================================
 sodium         at.num= 11.0       5.500 up   and  5.500  down   electrons
 =========================================================================
  total number of electrons:    11.000000000000002     
 r=  0.000000E+00 v(   1)= -0.220000E+02   r=  0.750000E-02 v( 101)= -0.216049E+02
 r=  0.465000E-01 v( 201)= -0.195551E+02   r=  0.286500E+00 v( 301)= -0.116920E+02
 r=  0.153450E+01 v( 401)= -0.256483E+01   r=  0.921450E+01 v( 501)= -0.585425E+00
 r=  0.368625E+02 v( 601)= -0.223821E-12   r=  0.675825E+02 v( 701)=  0.355271E-14
 r=  0.983025E+02 v( 801)=  0.355271E-14   r=  0.129022E+03 v( 901)=  0.355271E-14
 /////////////////////////////////////////////////////////////////////////
  qsum= -321.467641    excor=   -1.160775           energy=   -322.6284165
  corr=   -0.250088                           total energy=   -322.8785048
 /////////////////////////////////////////////////////////////////////////
 _________________________________________________________________________
 ========= iter= 11 ==== rms difference in ch. density= 0.2267E-03 =======
 ========= iter= 11 ==== rms difference in r*potential= 0.4561E-02 =======
 =========================================================================
  iteration number:  12                   mixing parameter:  0.100
 =========================================================================
 foundit, spin=1, state= 1, n=1, l=0, energy=   -75.37492016467, oc= 2.000
 foundit, spin=1, state= 2, n=2, l=0, energy=    -4.12937965787, oc= 2.000
 foundit, spin=1, state= 3, n=2, l=1, energy=    -2.12393343135, oc= 6.000
 foundit, spin=1, state= 4, n=3, l=0, energy=    -0.21143788876, oc= 1.000
 =========================================================================
 sodium         at.num= 11.0       5.500 up   and  5.500  down   electrons
 =========================================================================
  total number of electrons:    11.000000000000014     
 r=  0.000000E+00 v(   1)= -0.220000E+02   r=  0.750000E-02 v( 101)= -0.216049E+02
 r=  0.465000E-01 v( 201)= -0.195550E+02   r=  0.286500E+00 v( 301)= -0.116916E+02
 r=  0.153450E+01 v( 401)= -0.256466E+01   r=  0.921450E+01 v( 501)= -0.585477E+00
 r=  0.368625E+02 v( 601)= -0.198952E-12   r=  0.675825E+02 v( 701)=  0.284217E-13
 r=  0.983025E+02 v( 801)=  0.284217E-13   r=  0.129022E+03 v( 901)=  0.284217E-13
 /////////////////////////////////////////////////////////////////////////
  qsum= -321.483300    excor=   -1.160804           energy=   -322.6441042
  corr=   -0.234409                           total energy=   -322.8785133
 /////////////////////////////////////////////////////////////////////////
 _________________________________________________________________________
 ========= iter= 12 ==== rms difference in ch. density= 0.1328E-03 =======
 ========= iter= 12 ==== rms difference in r*potential= 0.4250E-02 =======
 =========================================================================
  iteration number:  13                   mixing parameter:  0.100
 =========================================================================
 foundit, spin=1, state= 1, n=1, l=0, energy=   -75.40365154443, oc= 2.000
 foundit, spin=1, state= 2, n=2, l=0, energy=    -4.12644299887, oc= 2.000
 foundit, spin=1, state= 3, n=2, l=1, energy=    -2.12114076411, oc= 6.000
 foundit, spin=1, state= 4, n=3, l=0, energy=    -0.21171636861, oc= 1.000
 =========================================================================
 sodium         at.num= 11.0       5.500 up   and  5.500  down   electrons
 =========================================================================
  total number of electrons:    11.000000000000004     
 r=  0.000000E+00 v(   1)= -0.220000E+02   r=  0.750000E-02 v( 101)= -0.216048E+02
 r=  0.465000E-01 v( 201)= -0.195546E+02   r=  0.286500E+00 v( 301)= -0.116907E+02
 r=  0.153450E+01 v( 401)= -0.256506E+01   r=  0.921450E+01 v( 501)= -0.585185E+00
 r=  0.368625E+02 v( 601)= -0.216716E-12   r=  0.675825E+02 v( 701)=  0.710543E-14
 r=  0.983025E+02 v( 801)=  0.710543E-14   r=  0.129022E+03 v( 901)=  0.710543E-14
 /////////////////////////////////////////////////////////////////////////
  qsum= -321.587086    excor=   -1.160829           energy=   -322.7479146
  corr=   -0.130636                           total energy=   -322.8785506
 /////////////////////////////////////////////////////////////////////////
 _________________________________________________________________________
 ========= iter= 13 ==== rms difference in ch. density= 0.4881E-03 =======
 ========= iter= 13 ==== rms difference in r*potential= 0.2548E-02 =======
 =========================================================================
  iteration number:  14                   mixing parameter:  0.100
 =========================================================================
 foundit, spin=1, state= 1, n=1, l=0, energy=   -75.41350227156, oc= 2.000
 foundit, spin=1, state= 2, n=2, l=0, energy=    -4.12590259280, oc= 2.000
 foundit, spin=1, state= 3, n=2, l=1, energy=    -2.12058377733, oc= 6.000
 foundit, spin=1, state= 4, n=3, l=0, energy=    -0.21211206118, oc= 1.000
 =========================================================================
 sodium         at.num= 11.0       5.500 up   and  5.500  down   electrons
 =========================================================================
  total number of electrons:    11.000000000000005     
 r=  0.000000E+00 v(   1)= -0.220000E+02   r=  0.750000E-02 v( 101)= -0.216048E+02
 r=  0.465000E-01 v( 201)= -0.195545E+02   r=  0.286500E+00 v( 301)= -0.116905E+02
 r=  0.153450E+01 v( 401)= -0.256507E+01   r=  0.921450E+01 v( 501)= -0.584618E+00
 r=  0.368625E+02 v( 601)= -0.198952E-12   r=  0.675825E+02 v( 701)=  0.106581E-13
 r=  0.983025E+02 v( 801)=  0.106581E-13   r=  0.129022E+03 v( 901)=  0.106581E-13
 /////////////////////////////////////////////////////////////////////////
  qsum= -321.619290    excor=   -1.160836           energy=   -322.7801255
  corr=   -0.098431                           total energy=   -322.8785562
 /////////////////////////////////////////////////////////////////////////
 _________________________________________________________________________
 ========= iter= 14 ==== rms difference in ch. density= 0.1467E-03 =======
 ========= iter= 14 ==== rms difference in r*potential= 0.2027E-02 =======
 =========================================================================
  iteration number:  15                   mixing parameter:  0.100
 =========================================================================
 foundit, spin=1, state= 1, n=1, l=0, energy=   -75.42894873118, oc= 2.000
 foundit, spin=1, state= 2, n=2, l=0, energy=    -4.12838693921, oc= 2.000
 foundit, spin=1, state= 3, n=2, l=1, energy=    -2.12306310498, oc= 6.000
 foundit, spin=1, state= 4, n=3, l=0, energy=    -0.21296934816, oc= 1.000
 =========================================================================
 sodium         at.num= 11.0       5.500 up   and  5.500  down   electrons
 =========================================================================
  total number of electrons:    10.999999999999980     
 r=  0.000000E+00 v(   1)= -0.220000E+02   r=  0.750000E-02 v( 101)= -0.216048E+02
 r=  0.465000E-01 v( 201)= -0.195541E+02   r=  0.286500E+00 v( 301)= -0.116889E+02
 r=  0.153450E+01 v( 401)= -0.256389E+01   r=  0.921450E+01 v( 501)= -0.582884E+00
 r=  0.368625E+02 v( 601)= -0.230926E-12   r=  0.675825E+02 v( 701)= -0.390799E-13
 r=  0.983025E+02 v( 801)= -0.390799E-13   r=  0.129022E+03 v( 901)= -0.390799E-13
 /////////////////////////////////////////////////////////////////////////
  qsum= -321.695709    excor=   -1.160959           energy=   -322.8566676
  corr=   -0.021900                           total energy=   -322.8785672
 /////////////////////////////////////////////////////////////////////////
 _________________________________________________________________________
 ========= iter= 15 ==== rms difference in ch. density= 0.4412E-03 =======
 ========= iter= 15 ==== rms difference in r*potential= 0.6196E-03 =======
 =========================================================================
  iteration number:  16                   mixing parameter:  0.100
 =========================================================================
 foundit, spin=1, state= 1, n=1, l=0, energy=   -75.42962348061, oc= 2.000
 foundit, spin=1, state= 2, n=2, l=0, energy=    -4.12850088062, oc= 2.000
 foundit, spin=1, state= 3, n=2, l=1, energy=    -2.12318741139, oc= 6.000
 foundit, spin=1, state= 4, n=3, l=0, energy=    -0.21297598510, oc= 1.000
 =========================================================================
 sodium         at.num= 11.0       5.500 up   and  5.500  down   electrons
 =========================================================================
  total number of electrons:    11.000000000000002     
 r=  0.000000E+00 v(   1)= -0.220000E+02   r=  0.750000E-02 v( 101)= -0.216048E+02
 r=  0.465000E-01 v( 201)= -0.195541E+02   r=  0.286500E+00 v( 301)= -0.116888E+02
 r=  0.153450E+01 v( 401)= -0.256384E+01   r=  0.921450E+01 v( 501)= -0.582879E+00
 r=  0.368625E+02 v( 601)= -0.188294E-12   r=  0.675825E+02 v( 701)=  0.355271E-14
 r=  0.983025E+02 v( 801)=  0.355271E-14   r=  0.129022E+03 v( 901)=  0.355271E-14
 /////////////////////////////////////////////////////////////////////////
  qsum= -321.699794    excor=   -1.160966           energy=   -322.8607601
  corr=   -0.017807                           total energy=   -322.8785675
 /////////////////////////////////////////////////////////////////////////
 _________________________________________________________________________
 ========= iter= 16 ==== rms difference in ch. density= 0.3119E-04 =======
 ========= iter= 16 ==== rms difference in r*potential= 0.5434E-03 =======
 =========================================================================
  iteration number:  17                   mixing parameter:  0.100
 =========================================================================
 foundit, spin=1, state= 1, n=1, l=0, energy=   -75.43424337861, oc= 2.000
 foundit, spin=1, state= 2, n=2, l=0, energy=    -4.12861536746, oc= 2.000
 foundit, spin=1, state= 3, n=2, l=1, energy=    -2.12336816197, oc= 6.000
 foundit, spin=1, state= 4, n=3, l=0, energy=    -0.21297846618, oc= 1.000
 =========================================================================
 sodium         at.num= 11.0       5.500 up   and  5.500  down   electrons
 =========================================================================
  total number of electrons:    10.999999999999988     
 r=  0.000000E+00 v(   1)= -0.220000E+02   r=  0.750000E-02 v( 101)= -0.216047E+02
 r=  0.465000E-01 v( 201)= -0.195540E+02   r=  0.286500E+00 v( 301)= -0.116883E+02
 r=  0.153450E+01 v( 401)= -0.256373E+01   r=  0.921450E+01 v( 501)= -0.583020E+00
 r=  0.368625E+02 v( 601)= -0.220268E-12   r=  0.675825E+02 v( 701)= -0.248690E-13
 r=  0.983025E+02 v( 801)= -0.248690E-13   r=  0.129022E+03 v( 901)= -0.248690E-13
 /////////////////////////////////////////////////////////////////////////
  qsum= -321.722445    excor=   -1.160993           energy=   -322.8834380
  corr=    0.004870                           total energy=   -322.8785678
 /////////////////////////////////////////////////////////////////////////
 _________________________________________________________________________
 ========= iter= 17 ==== rms difference in ch. density= 0.1474E-03 =======
 ========= iter= 17 ==== rms difference in r*potential= 0.1489E-03 =======
 =========================================================================
  iteration number:  18                   mixing parameter:  0.100
 =========================================================================
 foundit, spin=1, state= 1, n=1, l=0, energy=   -75.43436542252, oc= 2.000
 foundit, spin=1, state= 2, n=2, l=0, energy=    -4.12858020957, oc= 2.000
 foundit, spin=1, state= 3, n=2, l=1, energy=    -2.12333032776, oc= 6.000
 foundit, spin=1, state= 4, n=3, l=0, energy=    -0.21299079636, oc= 1.000
 =========================================================================
 sodium         at.num= 11.0       5.500 up   and  5.500  down   electrons
 =========================================================================
  total number of electrons:    11.000000000000002     
 r=  0.000000E+00 v(   1)= -0.220000E+02   r=  0.750000E-02 v( 101)= -0.216047E+02
 r=  0.465000E-01 v( 201)= -0.195540E+02   r=  0.286500E+00 v( 301)= -0.116884E+02
 r=  0.153450E+01 v( 401)= -0.256374E+01   r=  0.921450E+01 v( 501)= -0.583007E+00
 r=  0.368625E+02 v( 601)= -0.191847E-12   r=  0.675825E+02 v( 701)=  0.355271E-14
 r=  0.983025E+02 v( 801)=  0.355271E-14   r=  0.129022E+03 v( 901)=  0.355271E-14
 /////////////////////////////////////////////////////////////////////////
  qsum= -321.722364    excor=   -1.160991           energy=   -322.8833559
  corr=    0.004788                           total energy=   -322.8785679
 /////////////////////////////////////////////////////////////////////////
 _________________________________________________________________________
 ========= iter= 18 ==== rms difference in ch. density= 0.6684E-05 =======
 ========= iter= 18 ==== rms difference in r*potential= 0.1312E-03 =======
 =========================================================================
  iteration number:  19                   mixing parameter:  0.100
 =========================================================================
 foundit, spin=1, state= 1, n=1, l=0, energy=   -75.43457764694, oc= 2.000
 foundit, spin=1, state= 2, n=2, l=0, energy=    -4.12854996601, oc= 2.000
 foundit, spin=1, state= 3, n=2, l=1, energy=    -2.12328601129, oc= 6.000
 foundit, spin=1, state= 4, n=3, l=0, energy=    -0.21304970230, oc= 1.000
 =========================================================================
 sodium         at.num= 11.0       5.500 up   and  5.500  down   electrons
 =========================================================================
  total number of electrons:    11.000000000000007     
 r=  0.000000E+00 v(   1)= -0.220000E+02   r=  0.750000E-02 v( 101)= -0.216047E+02
 r=  0.465000E-01 v( 201)= -0.195540E+02   r=  0.286500E+00 v( 301)= -0.116884E+02
 r=  0.153450E+01 v( 401)= -0.256375E+01   r=  0.921450E+01 v( 501)= -0.582917E+00
 r=  0.368625E+02 v( 601)= -0.177636E-12   r=  0.675825E+02 v( 701)=  0.142109E-13
 r=  0.983025E+02 v( 801)=  0.142109E-13   r=  0.129022E+03 v( 901)=  0.142109E-13
 /////////////////////////////////////////////////////////////////////////
  qsum= -321.721553    excor=   -1.160988           energy=   -322.8825412
  corr=    0.003973                           total energy=   -322.8785679
 /////////////////////////////////////////////////////////////////////////
 _________________________________________________________________________
 ========= iter= 19 ==== rms difference in ch. density= 0.2195E-04 =======
 ========= iter= 19 ==== rms difference in r*potential= 0.8148E-04 =======
 =========================================================================
  iteration number:  20                   mixing parameter:  0.100
 =========================================================================
 foundit, spin=1, state= 1, n=1, l=0, energy=   -75.43444122454, oc= 2.000
 foundit, spin=1, state= 2, n=2, l=0, energy=    -4.12858433547, oc= 2.000
 foundit, spin=1, state= 3, n=2, l=1, energy=    -2.12331940222, oc= 6.000
 foundit, spin=1, state= 4, n=3, l=0, energy=    -0.21305110012, oc= 1.000
 =========================================================================
 sodium         at.num= 11.0       5.500 up   and  5.500  down   electrons
 =========================================================================
  total number of electrons:    11.000000000000002     
 r=  0.000000E+00 v(   1)= -0.220000E+02   r=  0.750000E-02 v( 101)= -0.216047E+02
 r=  0.465000E-01 v( 201)= -0.195540E+02   r=  0.286500E+00 v( 301)= -0.116884E+02
 r=  0.153450E+01 v( 401)= -0.256374E+01   r=  0.921450E+01 v( 501)= -0.582909E+00
 r=  0.368625E+02 v( 601)= -0.188294E-12   r=  0.675825E+02 v( 701)=  0.355271E-14
 r=  0.983025E+02 v( 801)=  0.355271E-14   r=  0.129022E+03 v( 901)=  0.355271E-14
 /////////////////////////////////////////////////////////////////////////
  qsum= -321.721190    excor=   -1.160988           energy=   -322.8821788
  corr=    0.003611                           total energy=   -322.8785679
 /////////////////////////////////////////////////////////////////////////
 _________________________________________________________________________
 ========= iter= 20 ==== rms difference in ch. density= 0.2339E-05 =======
 ========= iter= 20 ==== rms difference in r*potential= 0.7077E-04 =======
 =========================================================================
  iteration number:  21                   mixing parameter:  0.100
 =========================================================================
 foundit, spin=1, state= 1, n=1, l=0, energy=   -75.43396389075, oc= 2.000
 foundit, spin=1, state= 2, n=2, l=0, energy=    -4.12862427725, oc= 2.000
 foundit, spin=1, state= 3, n=2, l=1, energy=    -2.12336029101, oc= 6.000
 foundit, spin=1, state= 4, n=3, l=0, energy=    -0.21303406692, oc= 1.000
 =========================================================================
 sodium         at.num= 11.0       5.500 up   and  5.500  down   electrons
 =========================================================================
  total number of electrons:    11.000000000000009     
 r=  0.000000E+00 v(   1)= -0.220000E+02   r=  0.750000E-02 v( 101)= -0.216047E+02
 r=  0.465000E-01 v( 201)= -0.195540E+02   r=  0.286500E+00 v( 301)= -0.116884E+02
 r=  0.153450E+01 v( 401)= -0.256373E+01   r=  0.921450E+01 v( 501)= -0.582933E+00
 r=  0.368625E+02 v( 601)= -0.174083E-12   r=  0.675825E+02 v( 701)=  0.177636E-13
 r=  0.983025E+02 v( 801)=  0.177636E-13   r=  0.129022E+03 v( 901)=  0.177636E-13
 /////////////////////////////////////////////////////////////////////////
  qsum= -321.719694    excor=   -1.160988           energy=   -322.8806823
  corr=    0.002114                           total energy=   -322.8785679
 /////////////////////////////////////////////////////////////////////////
 _________________________________________________________________________
 ========= iter= 21 ==== rms difference in ch. density= 0.7182E-05 =======
 ========= iter= 21 ==== rms difference in r*potential= 0.3593E-04 =======
 =========================================================================
  iteration number:  22                   mixing parameter:  0.100
 =========================================================================
 foundit, spin=1, state= 1, n=1, l=0, energy=   -75.43387320186, oc= 2.000
 foundit, spin=1, state= 2, n=2, l=0, energy=    -4.12861497055, oc= 2.000
 foundit, spin=1, state= 3, n=2, l=1, energy=    -2.12335047172, oc= 6.000
 foundit, spin=1, state= 4, n=3, l=0, energy=    -0.21303134938, oc= 1.000
 =========================================================================
 sodium         at.num= 11.0       5.500 up   and  5.500  down   electrons
 =========================================================================
  total number of electrons:    10.999999999999986     
 r=  0.000000E+00 v(   1)= -0.220000E+02   r=  0.750000E-02 v( 101)= -0.216047E+02
 r=  0.465000E-01 v( 201)= -0.195540E+02   r=  0.286500E+00 v( 301)= -0.116884E+02
 r=  0.153450E+01 v( 401)= -0.256374E+01   r=  0.921450E+01 v( 501)= -0.582939E+00
 r=  0.368625E+02 v( 601)= -0.220268E-12   r=  0.675825E+02 v( 701)= -0.284217E-13
 r=  0.983025E+02 v( 801)= -0.284217E-13   r=  0.129022E+03 v( 901)= -0.284217E-13
 /////////////////////////////////////////////////////////////////////////
  qsum= -321.719239    excor=   -1.160988           energy=   -322.8802268
  corr=    0.001659                           total energy=   -322.8785679
 /////////////////////////////////////////////////////////////////////////
 _________________________________________________________________________
 ========= iter= 22 ==== rms difference in ch. density= 0.2765E-05 =======
 ========= iter= 22 ==== rms difference in r*potential= 0.2919E-04 =======
 =========================================================================
  iteration number:  23                   mixing parameter:  0.100
 =========================================================================
 foundit, spin=1, state= 1, n=1, l=0, energy=   -75.43358582983, oc= 2.000
 foundit, spin=1, state= 2, n=2, l=0, energy=    -4.12858736971, oc= 2.000
 foundit, spin=1, state= 3, n=2, l=1, energy=    -2.12331923197, oc= 6.000
 foundit, spin=1, state= 4, n=3, l=0, energy=    -0.21302927678, oc= 1.000
 =========================================================================
 sodium         at.num= 11.0       5.500 up   and  5.500  down   electrons
 =========================================================================
  total number of electrons:    11.000000000000004     
 r=  0.000000E+00 v(   1)= -0.220000E+02   r=  0.750000E-02 v( 101)= -0.216047E+02
 r=  0.465000E-01 v( 201)= -0.195540E+02   r=  0.286500E+00 v( 301)= -0.116885E+02
 r=  0.153450E+01 v( 401)= -0.256375E+01   r=  0.921450E+01 v( 501)= -0.582942E+00
 r=  0.368625E+02 v( 601)= -0.184741E-12   r=  0.675825E+02 v( 701)=  0.710543E-14
 r=  0.983025E+02 v( 801)=  0.710543E-14   r=  0.129022E+03 v( 901)=  0.710543E-14
 /////////////////////////////////////////////////////////////////////////
  qsum= -321.717660    excor=   -1.160985           energy=   -322.8786453
  corr=    0.000077                           total energy=   -322.8785679
 /////////////////////////////////////////////////////////////////////////
 _________________________________________________________________________
 ========= iter= 23 ==== rms difference in ch. density= 0.1089E-04 =======
 ========= iter= 23 ==== rms difference in r*potential= 0.9514E-05 =======
 =========================================================================
  iteration number:  24                   mixing parameter:  0.100
 =========================================================================
 foundit, spin=1, state= 1, n=1, l=0, energy=   -75.43357283424, oc= 2.000
 foundit, spin=1, state= 2, n=2, l=0, energy=    -4.12858934891, oc= 2.000
 foundit, spin=1, state= 3, n=2, l=1, energy=    -2.12332121299, oc= 6.000
 foundit, spin=1, state= 4, n=3, l=0, energy=    -0.21302891940, oc= 1.000
 =========================================================================
 sodium         at.num= 11.0       5.500 up   and  5.500  down   electrons
 =========================================================================
  total number of electrons:    10.999999999999986     
 r=  0.000000E+00 v(   1)= -0.220000E+02   r=  0.750000E-02 v( 101)= -0.216047E+02
 r=  0.465000E-01 v( 201)= -0.195540E+02   r=  0.286500E+00 v( 301)= -0.116885E+02
 r=  0.153450E+01 v( 401)= -0.256375E+01   r=  0.921450E+01 v( 501)= -0.582942E+00
 r=  0.368625E+02 v( 601)= -0.220268E-12   r=  0.675825E+02 v( 701)= -0.284217E-13
 r=  0.983025E+02 v( 801)= -0.284217E-13   r=  0.129022E+03 v( 901)= -0.284217E-13
 /////////////////////////////////////////////////////////////////////////
  qsum= -321.717626    excor=   -1.160985           energy=   -322.8786112
  corr=    0.000043                           total energy=   -322.8785679
 /////////////////////////////////////////////////////////////////////////
 _________________________________________________________________________
 ========= iter= 24 ==== rms difference in ch. density= 0.2136E-06 =======
 ========= iter= 24 ==== rms difference in r*potential= 0.8411E-05 =======
 =========================================================================
  iteration number:  25                   mixing parameter:  0.100
 =========================================================================
 foundit, spin=1, state= 1, n=1, l=0, energy=   -75.43351554037, oc= 2.000
 foundit, spin=1, state= 2, n=2, l=0, energy=    -4.12860130738, oc= 2.000
 foundit, spin=1, state= 3, n=2, l=1, energy=    -2.12333378452, oc= 6.000
 foundit, spin=1, state= 4, n=3, l=0, energy=    -0.21302568256, oc= 1.000
 =========================================================================
 sodium         at.num= 11.0       5.500 up   and  5.500  down   electrons
 =========================================================================
  total number of electrons:    11.000000000000012     
 r=  0.000000E+00 v(   1)= -0.220000E+02   r=  0.750000E-02 v( 101)= -0.216047E+02
 r=  0.465000E-01 v( 201)= -0.195540E+02   r=  0.286500E+00 v( 301)= -0.116885E+02
 r=  0.153450E+01 v( 401)= -0.256375E+01   r=  0.921450E+01 v( 501)= -0.582948E+00
 r=  0.368625E+02 v( 601)= -0.166978E-12   r=  0.675825E+02 v( 701)=  0.248690E-13
 r=  0.983025E+02 v( 801)=  0.248690E-13   r=  0.129022E+03 v( 901)=  0.248690E-13
 /////////////////////////////////////////////////////////////////////////
  qsum= -321.717547    excor=   -1.160986           energy=   -322.8785323
  corr=   -0.000036                           total energy=   -322.8785679
 /////////////////////////////////////////////////////////////////////////
 _________________________________________________________________________
 ========= iter= 25 ==== rms difference in ch. density= 0.1700E-05 =======
 ========= iter= 25 ==== rms difference in r*potential= 0.4029E-05 =======
 =========================================================================
  iteration number:  26                   mixing parameter:  0.100
 =========================================================================
 foundit, spin=1, state= 1, n=1, l=0, energy=   -75.43351299690, oc= 2.000
 foundit, spin=1, state= 2, n=2, l=0, energy=    -4.12860063037, oc= 2.000
 foundit, spin=1, state= 3, n=2, l=1, energy=    -2.12333321137, oc= 6.000
 foundit, spin=1, state= 4, n=3, l=0, energy=    -0.21302519482, oc= 1.000
 =========================================================================
 sodium         at.num= 11.0       5.500 up   and  5.500  down   electrons
 =========================================================================
  total number of electrons:    10.999999999999995     
 r=  0.000000E+00 v(   1)= -0.220000E+02   r=  0.750000E-02 v( 101)= -0.216047E+02
 r=  0.465000E-01 v( 201)= -0.195540E+02   r=  0.286500E+00 v( 301)= -0.116885E+02
 r=  0.153450E+01 v( 401)= -0.256375E+01   r=  0.921450E+01 v( 501)= -0.582949E+00
 r=  0.368625E+02 v( 601)= -0.202505E-12   r=  0.675825E+02 v( 701)= -0.106581E-13
 r=  0.983025E+02 v( 801)= -0.106581E-13   r=  0.129022E+03 v( 901)= -0.106581E-13
 /////////////////////////////////////////////////////////////////////////
  qsum= -321.717540    excor=   -1.160986           energy=   -322.8785254
  corr=   -0.000042                           total energy=   -322.8785679
 /////////////////////////////////////////////////////////////////////////
 _________________________________________________________________________
 ========= iter= 26 ==== rms difference in ch. density= 0.6199E-07 =======
 ========= iter= 26 ==== rms difference in r*potential= 0.3582E-05 =======
